[debug] [2023-10-17T17:49:43.139Z] ----------------------------------------------------------------------
[debug] [2023-10-17T17:49:43.141Z] Command:       /Users/anthonyplanavsky/.nvm/versions/node/v16.20.2/bin/node /Users/anthonyplanavsky/.nvm/versions/node/v16.20.2/bin/firebase deploy
[debug] [2023-10-17T17:49:43.141Z] CLI Version:   12.7.0
[debug] [2023-10-17T17:49:43.141Z] Platform:      darwin
[debug] [2023-10-17T17:49:43.142Z] Node Version:  v16.20.2
[debug] [2023-10-17T17:49:43.142Z] Time:          Tue Oct 17 2023 13:49:43 GMT-0400 (Eastern Daylight Time)
[debug] [2023-10-17T17:49:43.142Z] ----------------------------------------------------------------------
[debug] 
[debug] [2023-10-17T17:49:43.209Z] > command requires scopes: ["email","openid","https://www.googleapis.com/auth/cloudplatformprojects.readonly","https://www.googleapis.com/auth/firebase","https://www.googleapis.com/auth/cloud-platform"]
[debug] [2023-10-17T17:49:43.209Z] > authorizing via signed-in user (planavsky82@gmail.com)
[debug] [2023-10-17T17:49:43.209Z] [iam] checking project planavsky-com for permissions ["cloudfunctions.functions.create","cloudfunctions.functions.delete","cloudfunctions.functions.get","cloudfunctions.functions.list","cloudfunctions.functions.update","cloudfunctions.operations.get","firebase.projects.get","firebasedatabase.instances.update"]
[debug] [2023-10-17T17:49:43.211Z] >>> [apiv2][query] POST https://cloudresourcemanager.googleapis.com/v1/projects/planavsky-com:testIamPermissions [none]
[debug] [2023-10-17T17:49:43.211Z] >>> [apiv2][(partial)header] POST https://cloudresourcemanager.googleapis.com/v1/projects/planavsky-com:testIamPermissions x-goog-quota-user=projects/planavsky-com
[debug] [2023-10-17T17:49:43.212Z] >>> [apiv2][body] POST https://cloudresourcemanager.googleapis.com/v1/projects/planavsky-com:testIamPermissions {"permissions":["cloudfunctions.functions.create","cloudfunctions.functions.delete","cloudfunctions.functions.get","cloudfunctions.functions.list","cloudfunctions.functions.update","cloudfunctions.operations.get","firebase.projects.get","firebasedatabase.instances.update"]}
[debug] [2023-10-17T17:49:43.365Z] <<< [apiv2][status] POST https://cloudresourcemanager.googleapis.com/v1/projects/planavsky-com:testIamPermissions 200
[debug] [2023-10-17T17:49:43.365Z] <<< [apiv2][body] POST https://cloudresourcemanager.googleapis.com/v1/projects/planavsky-com:testIamPermissions {"permissions":["cloudfunctions.functions.create","cloudfunctions.functions.delete","cloudfunctions.functions.get","cloudfunctions.functions.list","cloudfunctions.functions.update","cloudfunctions.operations.get","firebase.projects.get","firebasedatabase.instances.update"]}
[debug] [2023-10-17T17:49:43.365Z] >>> [apiv2][query] POST https://iam.googleapis.com/v1/projects/planavsky-com/serviceAccounts/planavsky-com@appspot.gserviceaccount.com:testIamPermissions [none]
[debug] [2023-10-17T17:49:43.365Z] >>> [apiv2][body] POST https://iam.googleapis.com/v1/projects/planavsky-com/serviceAccounts/planavsky-com@appspot.gserviceaccount.com:testIamPermissions {"permissions":["iam.serviceAccounts.actAs"]}
[debug] [2023-10-17T17:49:43.485Z] <<< [apiv2][status] POST https://iam.googleapis.com/v1/projects/planavsky-com/serviceAccounts/planavsky-com@appspot.gserviceaccount.com:testIamPermissions 200
[debug] [2023-10-17T17:49:43.485Z] <<< [apiv2][body] POST https://iam.googleapis.com/v1/projects/planavsky-com/serviceAccounts/planavsky-com@appspot.gserviceaccount.com:testIamPermissions {"permissions":["iam.serviceAccounts.actAs"]}
[debug] [2023-10-17T17:49:43.486Z] >>> [apiv2][query] GET https://firebase.googleapis.com/v1beta1/projects/planavsky-com [none]
[debug] [2023-10-17T17:49:43.864Z] <<< [apiv2][status] GET https://firebase.googleapis.com/v1beta1/projects/planavsky-com 200
[debug] [2023-10-17T17:49:43.865Z] <<< [apiv2][body] GET https://firebase.googleapis.com/v1beta1/projects/planavsky-com {"projectId":"planavsky-com","projectNumber":"737615407449","displayName":"planavsky-com","name":"projects/planavsky-com","resources":{"hostingSite":"planavsky-com","realtimeDatabaseInstance":"planavsky-com","storageBucket":"planavsky-com.appspot.com","locationId":"us-east1"},"state":"ACTIVE","etag":"1_b9cac255-6633-4658-b15c-bddb22b71ea0"}
[info] 
[info] === Deploying to 'planavsky-com'...
[info] 
[info] i  deploying database, functions 
[info] Running command: npm --prefix "$RESOURCE_DIR" run build
[info] ✔  functions: Finished running predeploy script. 
[info] i  database: checking rules syntax... 
[debug] [2023-10-17T17:49:52.144Z] >>> [apiv2][query] GET https://firebasedatabase.googleapis.com/v1beta/projects/planavsky-com/locations/-/instances/planavsky-com [none]
[debug] [2023-10-17T17:49:52.656Z] <<< [apiv2][status] GET https://firebasedatabase.googleapis.com/v1beta/projects/planavsky-com/locations/-/instances/planavsky-com 200
[debug] [2023-10-17T17:49:52.656Z] <<< [apiv2][body] GET https://firebasedatabase.googleapis.com/v1beta/projects/planavsky-com/locations/-/instances/planavsky-com {"name":"projects/737615407449/locations/us-central1/instances/planavsky-com","project":"projects/737615407449","databaseUrl":"https://planavsky-com.firebaseio.com","type":"DEFAULT_DATABASE","state":"ACTIVE"}
[debug] [2023-10-17T17:49:52.658Z] >>> [apiv2][query] PUT https://planavsky-com.firebaseio.com/.settings/rules.json dryRun=true
[debug] [2023-10-17T17:49:52.658Z] >>> [apiv2][body] PUT https://planavsky-com.firebaseio.com/.settings/rules.json "{\n  /* Visit https://firebase.google.com/docs/database/security to learn more about security rules. */\n  \"rules\": {\n    \".read\": false,\n    \".write\": false\n  }\n}"
[debug] [2023-10-17T17:49:52.796Z] <<< [apiv2][status] PUT https://planavsky-com.firebaseio.com/.settings/rules.json 200
[debug] [2023-10-17T17:49:52.796Z] <<< [apiv2][body] PUT https://planavsky-com.firebaseio.com/.settings/rules.json {"status":"ok"}
[info] ✔  database: rules syntax for database planavsky-com is valid 
[debug] [2023-10-17T17:49:52.797Z] >>> [apiv2][query] GET https://firebase.googleapis.com/v1beta1/projects/planavsky-com [none]
[debug] [2023-10-17T17:49:53.045Z] <<< [apiv2][status] GET https://firebase.googleapis.com/v1beta1/projects/planavsky-com 200
[debug] [2023-10-17T17:49:53.045Z] <<< [apiv2][body] GET https://firebase.googleapis.com/v1beta1/projects/planavsky-com {"projectId":"planavsky-com","projectNumber":"737615407449","displayName":"planavsky-com","name":"projects/planavsky-com","resources":{"hostingSite":"planavsky-com","realtimeDatabaseInstance":"planavsky-com","storageBucket":"planavsky-com.appspot.com","locationId":"us-east1"},"state":"ACTIVE","etag":"1_b9cac255-6633-4658-b15c-bddb22b71ea0"}
[info] i  functions: preparing codebase default for deployment 
[info] i  functions: ensuring required API cloudfunctions.googleapis.com is enabled... 
[info] i  functions: ensuring required API cloudbuild.googleapis.com is enabled... 
[info] i  artifactregistry: ensuring required API artifactregistry.googleapis.com is enabled... 
[debug] [2023-10-17T17:49:53.048Z] >>> [apiv2][query] GET https://serviceusage.googleapis.com/v1/projects/planavsky-com/services/cloudfunctions.googleapis.com [none]
[debug] [2023-10-17T17:49:53.048Z] >>> [apiv2][(partial)header] GET https://serviceusage.googleapis.com/v1/projects/planavsky-com/services/cloudfunctions.googleapis.com x-goog-quota-user=projects/planavsky-com
[debug] [2023-10-17T17:49:53.049Z] >>> [apiv2][query] GET https://serviceusage.googleapis.com/v1/projects/planavsky-com/services/runtimeconfig.googleapis.com [none]
[debug] [2023-10-17T17:49:53.049Z] >>> [apiv2][(partial)header] GET https://serviceusage.googleapis.com/v1/projects/planavsky-com/services/runtimeconfig.googleapis.com x-goog-quota-user=projects/planavsky-com
[debug] [2023-10-17T17:49:53.050Z] >>> [apiv2][query] GET https://serviceusage.googleapis.com/v1/projects/planavsky-com/services/cloudbuild.googleapis.com [none]
[debug] [2023-10-17T17:49:53.050Z] >>> [apiv2][(partial)header] GET https://serviceusage.googleapis.com/v1/projects/planavsky-com/services/cloudbuild.googleapis.com x-goog-quota-user=projects/planavsky-com
[debug] [2023-10-17T17:49:53.051Z] >>> [apiv2][query] GET https://serviceusage.googleapis.com/v1/projects/planavsky-com/services/artifactregistry.googleapis.com [none]
[debug] [2023-10-17T17:49:53.051Z] >>> [apiv2][(partial)header] GET https://serviceusage.googleapis.com/v1/projects/planavsky-com/services/artifactregistry.googleapis.com x-goog-quota-user=projects/planavsky-com
[debug] [2023-10-17T17:49:53.430Z] <<< [apiv2][status] GET https://serviceusage.googleapis.com/v1/projects/planavsky-com/services/cloudbuild.googleapis.com 200
[debug] [2023-10-17T17:49:53.430Z] <<< [apiv2][body] GET https://serviceusage.googleapis.com/v1/projects/planavsky-com/services/cloudbuild.googleapis.com [omitted]
[info] ✔  functions: required API cloudbuild.googleapis.com is enabled 
[debug] [2023-10-17T17:49:53.464Z] <<< [apiv2][status] GET https://serviceusage.googleapis.com/v1/projects/planavsky-com/services/runtimeconfig.googleapis.com 200
[debug] [2023-10-17T17:49:53.464Z] <<< [apiv2][body] GET https://serviceusage.googleapis.com/v1/projects/planavsky-com/services/runtimeconfig.googleapis.com [omitted]
[debug] [2023-10-17T17:49:53.469Z] <<< [apiv2][status] GET https://serviceusage.googleapis.com/v1/projects/planavsky-com/services/artifactregistry.googleapis.com 200
[debug] [2023-10-17T17:49:53.469Z] <<< [apiv2][body] GET https://serviceusage.googleapis.com/v1/projects/planavsky-com/services/artifactregistry.googleapis.com [omitted]
[info] ✔  artifactregistry: required API artifactregistry.googleapis.com is enabled 
[debug] [2023-10-17T17:49:53.574Z] <<< [apiv2][status] GET https://serviceusage.googleapis.com/v1/projects/planavsky-com/services/cloudfunctions.googleapis.com 200
[debug] [2023-10-17T17:49:53.574Z] <<< [apiv2][body] GET https://serviceusage.googleapis.com/v1/projects/planavsky-com/services/cloudfunctions.googleapis.com [omitted]
[info] ✔  functions: required API cloudfunctions.googleapis.com is enabled 
[debug] [2023-10-17T17:49:53.575Z] >>> [apiv2][query] GET https://firebase.googleapis.com/v1beta1/projects/planavsky-com/adminSdkConfig [none]
[debug] [2023-10-17T17:49:53.943Z] <<< [apiv2][status] GET https://firebase.googleapis.com/v1beta1/projects/planavsky-com/adminSdkConfig 200
[debug] [2023-10-17T17:49:53.943Z] <<< [apiv2][body] GET https://firebase.googleapis.com/v1beta1/projects/planavsky-com/adminSdkConfig {"projectId":"planavsky-com","databaseURL":"https://planavsky-com.firebaseio.com","storageBucket":"planavsky-com.appspot.com","locationId":"us-east1"}
[debug] [2023-10-17T17:49:53.944Z] >>> [apiv2][query] GET https://runtimeconfig.googleapis.com/v1beta1/projects/planavsky-com/configs [none]
[debug] [2023-10-17T17:49:54.110Z] <<< [apiv2][status] GET https://runtimeconfig.googleapis.com/v1beta1/projects/planavsky-com/configs 200
[debug] [2023-10-17T17:49:54.110Z] <<< [apiv2][body] GET https://runtimeconfig.googleapis.com/v1beta1/projects/planavsky-com/configs {}
[debug] [2023-10-17T17:49:54.112Z] Validating nodejs source
[debug] [2023-10-17T17:49:54.782Z] > [functions] package.json contents: {
  "name": "functions",
  "scripts": {
    "lint": "eslint --ext .js,.ts .",
    "build": "tsc",
    "build:watch": "tsc --watch",
    "serve": "npm run build && firebase emulators:start --only functions",
    "shell": "npm run build && firebase functions:shell",
    "start": "npm run shell",
    "deploy": "firebase deploy --only functions",
    "logs": "firebase functions:log"
  },
  "engines": {
    "node": "18"
  },
  "main": "lib/index.js",
  "dependencies": {
    "firebase-admin": "^11.8.0",
    "firebase-functions": "^4.3.1"
  },
  "devDependencies": {
    "@types/bcrypt": "^5.0.0",
    "@types/cors": "^2.8.14",
    "@types/jsonwebtoken": "^9.0.3",
    "@types/lodash": "^4.14.199",
    "@types/owasp-password-strength-test": "^1.3.0",
    "@typescript-eslint/eslint-plugin": "^5.12.0",
    "@typescript-eslint/parser": "^5.12.0",
    "bcrypt": "^5.1.1",
    "cors": "^2.8.5",
    "email-validator": "^2.0.4",
    "eslint": "^8.9.0",
    "eslint-config-google": "^0.14.0",
    "eslint-plugin-import": "^2.25.4",
    "express": "^4.18.2",
    "firebase-functions-test": "^3.1.0",
    "jsonwebtoken": "^9.0.2",
    "lodash": "^4.17.21",
    "owasp-password-strength-test": "^1.3.0",
    "typescript": "^4.9.0"
  },
  "private": true
}
[debug] [2023-10-17T17:49:54.783Z] Building nodejs source
[info] i  functions: Loading and analyzing source code for codebase default to determine what to deploy 
[debug] [2023-10-17T17:49:54.784Z] Could not find functions.yaml. Must use http discovery
[debug] [2023-10-17T17:49:54.796Z] Found firebase-functions binary at '/Users/anthonyplanavsky/Google Drive/app-development/planavsky-com-nx/functions/node_modules/.bin/firebase-functions'
[info] Serving at port 8076

[info] Listening to port: 3000

[debug] [2023-10-17T17:49:55.439Z] Got response from /__/functions.yaml {"endpoints":{"app":{"platform":"gcfv1","availableMemoryMb":null,"timeoutSeconds":null,"minInstances":null,"maxInstances":null,"ingressSettings":null,"serviceAccountEmail":null,"vpc":null,"httpsTrigger":{},"entryPoint":"app"}},"specVersion":"v1alpha1","requiredAPIs":[]}
[info] shutdown requested via /__/quitquitquit

[info] i  functions: preparing functions directory for uploading... 
[info] i  functions: packaged /Users/anthonyplanavsky/Google Drive/app-development/planavsky-com-nx/functions (187.35 KB) for uploading 
[debug] [2023-10-17T17:50:05.552Z] >>> [apiv2][query] GET https://cloudfunctions.googleapis.com/v1/projects/planavsky-com/locations/-/functions [none]
[debug] [2023-10-17T17:50:06.289Z] <<< [apiv2][status] GET https://cloudfunctions.googleapis.com/v1/projects/planavsky-com/locations/-/functions 200
[debug] [2023-10-17T17:50:06.290Z] <<< [apiv2][body] GET https://cloudfunctions.googleapis.com/v1/projects/planavsky-com/locations/-/functions {"functions":[{"name":"projects/planavsky-com/locations/us-central1/functions/app","httpsTrigger":{"url":"https://us-central1-planavsky-com.cloudfunctions.net/app","securityLevel":"SECURE_OPTIONAL"},"status":"ACTIVE","entryPoint":"app","timeout":"60s","availableMemoryMb":256,"serviceAccountEmail":"planavsky-com@appspot.gserviceaccount.com","updateTime":"2023-01-28T00:00:14.333Z","versionId":"489","labels":{"deployment-tool":"cli-firebase"},"sourceUploadUrl":"https://storage.googleapis.com/uploads-143443593293.us-central1.cloudfunctions.appspot.com/b8b1251d-dec0-43b5-8576-b43983e3d10d.zip","environmentVariables":{"FIREBASE_CONFIG":"{\"projectId\":\"planavsky-com\",\"databaseURL\":\"https://planavsky-com.firebaseio.com\",\"storageBucket\":\"planavsky-com.appspot.com\",\"locationId\":\"us-east1\"}","GCLOUD_PROJECT":"planavsky-com"},"runtime":"nodejs10","ingressSettings":"ALLOW_ALL","buildId":"6634c7ff-48d3-49c2-a02a-e78f2fd77f71","buildName":"projects/737615407449/locations/us-central1/builds/6634c7ff-48d3-49c2-a02a-e78f2fd77f71","dockerRegistry":"CONTAINER_REGISTRY"}]}
[debug] [2023-10-17T17:50:06.291Z] >>> [apiv2][query] GET https://cloudfunctions.googleapis.com/v2/projects/planavsky-com/locations/-/functions filter=environment%3D%22GEN_2%22
[debug] [2023-10-17T17:50:06.810Z] <<< [apiv2][status] GET https://cloudfunctions.googleapis.com/v2/projects/planavsky-com/locations/-/functions 200
[debug] [2023-10-17T17:50:06.811Z] <<< [apiv2][body] GET https://cloudfunctions.googleapis.com/v2/projects/planavsky-com/locations/-/functions {}
[debug] [2023-10-17T17:50:06.814Z] >>> [apiv2][query] GET https://firebase.googleapis.com/v1beta1/projects/planavsky-com [none]
[debug] [2023-10-17T17:50:07.474Z] <<< [apiv2][status] GET https://firebase.googleapis.com/v1beta1/projects/planavsky-com 200
[debug] [2023-10-17T17:50:07.475Z] <<< [apiv2][body] GET https://firebase.googleapis.com/v1beta1/projects/planavsky-com {"projectId":"planavsky-com","projectNumber":"737615407449","displayName":"planavsky-com","name":"projects/planavsky-com","resources":{"hostingSite":"planavsky-com","realtimeDatabaseInstance":"planavsky-com","storageBucket":"planavsky-com.appspot.com","locationId":"us-east1"},"state":"ACTIVE","etag":"1_b9cac255-6633-4658-b15c-bddb22b71ea0"}
[debug] [2023-10-17T17:50:07.477Z] >>> [apiv2][query] POST https://cloudfunctions.googleapis.com/v1/projects/planavsky-com/locations/us-central1/functions:generateUploadUrl [none]
[debug] [2023-10-17T17:50:07.477Z] >>> [apiv2][body] POST https://cloudfunctions.googleapis.com/v1/projects/planavsky-com/locations/us-central1/functions:generateUploadUrl {}
[debug] [2023-10-17T17:50:08.153Z] <<< [apiv2][status] POST https://cloudfunctions.googleapis.com/v1/projects/planavsky-com/locations/us-central1/functions:generateUploadUrl 200
[debug] [2023-10-17T17:50:08.153Z] <<< [apiv2][body] POST https://cloudfunctions.googleapis.com/v1/projects/planavsky-com/locations/us-central1/functions:generateUploadUrl {"uploadUrl":"https://storage.googleapis.com/uploads-143443593293.us-central1.cloudfunctions.appspot.com/2892e2c1-3c92-40da-b63d-7015d51f4595.zip?GoogleAccessId=service-737615407449@gcf-admin-robot.iam.gserviceaccount.com&Expires=1697566808&Signature=e9dm9LN8sZovK31sAGD7IyEdi4WO0Mpu6R0WlSopqQILyF%2B5ca%2B%2FfAQNbGdjhI%2BXJnUtijU80tTze4RfDcjolgzqbU4DkULHlROZNf199SuOjdlPATRhhM4Ob4LTxWwxVbWoLsl%2BlhrX7YNv3C6mHV1vpt%2F8FOfJ%2F7oxg1iwPIlB%2BTNNmE3lJzSLSt7olfAwsJvQqvFBCePCthADnhFxjf%2BsTfGwcqHY2DovMaPHsdUqNM3uPEP2kntDqLwLdA298lBJFu1mWKMQqwZF4C54zT2TsDTzxJUG%2F7zmrm%2B01QLT8HOXRwNV1H3xGZnVDrzErpaj%2B13kv6VknB%2FkFUMrGg%3D%3D"}
[debug] [2023-10-17T17:50:08.154Z] >>> [apiv2][query] PUT https://storage.googleapis.com/uploads-143443593293.us-central1.cloudfunctions.appspot.com/2892e2c1-3c92-40da-b63d-7015d51f4595.zip GoogleAccessId=service-737615407449%40gcf-admin-robot.iam.gserviceaccount.com&Expires=1697566808&Signature=e9dm9LN8sZovK31sAGD7IyEdi4WO0Mpu6R0WlSopqQILyF%2B5ca%2B%2FfAQNbGdjhI%2BXJnUtijU80tTze4RfDcjolgzqbU4DkULHlROZNf199SuOjdlPATRhhM4Ob4LTxWwxVbWoLsl%2BlhrX7YNv3C6mHV1vpt%2F8FOfJ%2F7oxg1iwPIlB%2BTNNmE3lJzSLSt7olfAwsJvQqvFBCePCthADnhFxjf%2BsTfGwcqHY2DovMaPHsdUqNM3uPEP2kntDqLwLdA298lBJFu1mWKMQqwZF4C54zT2TsDTzxJUG%2F7zmrm%2B01QLT8HOXRwNV1H3xGZnVDrzErpaj%2B13kv6VknB%2FkFUMrGg%3D%3D
[debug] [2023-10-17T17:50:08.154Z] >>> [apiv2][body] PUT https://storage.googleapis.com/uploads-143443593293.us-central1.cloudfunctions.appspot.com/2892e2c1-3c92-40da-b63d-7015d51f4595.zip [stream]
[debug] [2023-10-17T17:50:09.824Z] <<< [apiv2][status] PUT https://storage.googleapis.com/uploads-143443593293.us-central1.cloudfunctions.appspot.com/2892e2c1-3c92-40da-b63d-7015d51f4595.zip 200
[debug] [2023-10-17T17:50:09.824Z] <<< [apiv2][body] PUT https://storage.googleapis.com/uploads-143443593293.us-central1.cloudfunctions.appspot.com/2892e2c1-3c92-40da-b63d-7015d51f4595.zip [omitted]
[info] ✔  functions: functions folder uploaded successfully 
[info] i  database: releasing rules... 
[debug] [2023-10-17T17:50:09.825Z] >>> [apiv2][query] GET https://firebasedatabase.googleapis.com/v1beta/projects/planavsky-com/locations/-/instances/planavsky-com [none]
[debug] [2023-10-17T17:50:10.261Z] <<< [apiv2][status] GET https://firebasedatabase.googleapis.com/v1beta/projects/planavsky-com/locations/-/instances/planavsky-com 200
[debug] [2023-10-17T17:50:10.262Z] <<< [apiv2][body] GET https://firebasedatabase.googleapis.com/v1beta/projects/planavsky-com/locations/-/instances/planavsky-com {"name":"projects/737615407449/locations/us-central1/instances/planavsky-com","project":"projects/737615407449","databaseUrl":"https://planavsky-com.firebaseio.com","type":"DEFAULT_DATABASE","state":"ACTIVE"}
[debug] [2023-10-17T17:50:10.262Z] >>> [apiv2][query] PUT https://planavsky-com.firebaseio.com/.settings/rules.json 
[debug] [2023-10-17T17:50:10.262Z] >>> [apiv2][body] PUT https://planavsky-com.firebaseio.com/.settings/rules.json "{\n  /* Visit https://firebase.google.com/docs/database/security to learn more about security rules. */\n  \"rules\": {\n    \".read\": false,\n    \".write\": false\n  }\n}"
[debug] [2023-10-17T17:50:10.783Z] <<< [apiv2][status] PUT https://planavsky-com.firebaseio.com/.settings/rules.json 200
[debug] [2023-10-17T17:50:10.784Z] <<< [apiv2][body] PUT https://planavsky-com.firebaseio.com/.settings/rules.json {"status":"ok"}
[info] ✔  database: rules for database planavsky-com released successfully 
[info] i  functions: updating Node.js 18 (1st Gen) function app(us-central1)... 
[debug] [2023-10-17T17:50:10.789Z] >>> [apiv2][query] PATCH https://cloudfunctions.googleapis.com/v1/projects/planavsky-com/locations/us-central1/functions/app updateMask=name%2CsourceUploadUrl%2CentryPoint%2Cruntime%2CdockerRegistry%2Clabels%2ChttpsTrigger.securityLevel%2CminInstances%2CmaxInstances%2CingressSettings%2CenvironmentVariables%2CserviceAccountEmail%2CavailableMemoryMb%2Ctimeout%2CvpcConnector%2CvpcConnectorEgressSettings%2CsourceToken%2CbuildEnvironmentVariables
[debug] [2023-10-17T17:50:10.789Z] >>> [apiv2][body] PATCH https://cloudfunctions.googleapis.com/v1/projects/planavsky-com/locations/us-central1/functions/app {"name":"projects/planavsky-com/locations/us-central1/functions/app","sourceUploadUrl":"https://storage.googleapis.com/uploads-143443593293.us-central1.cloudfunctions.appspot.com/2892e2c1-3c92-40da-b63d-7015d51f4595.zip?GoogleAccessId=service-737615407449@gcf-admin-robot.iam.gserviceaccount.com&Expires=1697566808&Signature=e9dm9LN8sZovK31sAGD7IyEdi4WO0Mpu6R0WlSopqQILyF%2B5ca%2B%2FfAQNbGdjhI%2BXJnUtijU80tTze4RfDcjolgzqbU4DkULHlROZNf199SuOjdlPATRhhM4Ob4LTxWwxVbWoLsl%2BlhrX7YNv3C6mHV1vpt%2F8FOfJ%2F7oxg1iwPIlB%2BTNNmE3lJzSLSt7olfAwsJvQqvFBCePCthADnhFxjf%2BsTfGwcqHY2DovMaPHsdUqNM3uPEP2kntDqLwLdA298lBJFu1mWKMQqwZF4C54zT2TsDTzxJUG%2F7zmrm%2B01QLT8HOXRwNV1H3xGZnVDrzErpaj%2B13kv6VknB%2FkFUMrGg%3D%3D","entryPoint":"app","runtime":"nodejs18","dockerRegistry":"ARTIFACT_REGISTRY","labels":{"deployment-tool":"cli-firebase","firebase-functions-hash":"e01cffa756dd3531a7eca66bc9184aa6d8fa6a7b"},"httpsTrigger":{"securityLevel":"SECURE_OPTIONAL"},"minInstances":null,"maxInstances":null,"ingressSettings":null,"environmentVariables":{"FIREBASE_CONFIG":"{\"projectId\":\"planavsky-com\",\"databaseURL\":\"https://planavsky-com.firebaseio.com\",\"storageBucket\":\"planavsky-com.appspot.com\",\"locationId\":\"us-east1\"}","GCLOUD_PROJECT":"planavsky-com","EVENTARC_CLOUD_EVENT_SOURCE":"projects/planavsky-com/locations/us-central1/functions/app"},"serviceAccountEmail":null,"availableMemoryMb":null,"timeout":null,"vpcConnector":null,"vpcConnectorEgressSettings":null,"buildEnvironmentVariables":{"GOOGLE_NODE_RUN_SCRIPTS":""}}
[debug] [2023-10-17T17:50:11.404Z] <<< [apiv2][status] PATCH https://cloudfunctions.googleapis.com/v1/projects/planavsky-com/locations/us-central1/functions/app 200
[debug] [2023-10-17T17:50:11.404Z] <<< [apiv2][body] PATCH https://cloudfunctions.googleapis.com/v1/projects/planavsky-com/locations/us-central1/functions/app {"name":"operations/cGxhbmF2c2t5LWNvbS91cy1jZW50cmFsMS9hcHAvcHViV0ZjT2tlX2M","metadata":{"@type":"type.googleapis.com/google.cloud.functions.v1.OperationMetadataV1","target":"projects/planavsky-com/locations/us-central1/functions/app","type":"UPDATE_FUNCTION","request":{"@type":"type.googleapis.com/google.cloud.functions.v1.CloudFunction","name":"projects/planavsky-com/locations/us-central1/functions/app","httpsTrigger":{"url":"https://us-central1-planavsky-com.cloudfunctions.net/app","securityLevel":"SECURE_OPTIONAL"},"status":"ACTIVE","entryPoint":"app","updateTime":"2023-01-28T00:00:14.333Z","versionId":"489","labels":{"deployment-tool":"cli-firebase","firebase-functions-hash":"e01cffa756dd3531a7eca66bc9184aa6d8fa6a7b"},"sourceUploadUrl":"https://storage.googleapis.com/uploads-143443593293.us-central1.cloudfunctions.appspot.com/2892e2c1-3c92-40da-b63d-7015d51f4595.zip?GoogleAccessId=service-737615407449@gcf-admin-robot.iam.gserviceaccount.com&Expires=1697566808&Signature=e9dm9LN8sZovK31sAGD7IyEdi4WO0Mpu6R0WlSopqQILyF%2B5ca%2B%2FfAQNbGdjhI%2BXJnUtijU80tTze4RfDcjolgzqbU4DkULHlROZNf199SuOjdlPATRhhM4Ob4LTxWwxVbWoLsl%2BlhrX7YNv3C6mHV1vpt%2F8FOfJ%2F7oxg1iwPIlB%2BTNNmE3lJzSLSt7olfAwsJvQqvFBCePCthADnhFxjf%2BsTfGwcqHY2DovMaPHsdUqNM3uPEP2kntDqLwLdA298lBJFu1mWKMQqwZF4C54zT2TsDTzxJUG%2F7zmrm%2B01QLT8HOXRwNV1H3xGZnVDrzErpaj%2B13kv6VknB%2FkFUMrGg%3D%3D","environmentVariables":{"FIREBASE_CONFIG":"{\"projectId\":\"planavsky-com\",\"databaseURL\":\"https://planavsky-com.firebaseio.com\",\"storageBucket\":\"planavsky-com.appspot.com\",\"locationId\":\"us-east1\"}","GCLOUD_PROJECT":"planavsky-com","EVENTARC_CLOUD_EVENT_SOURCE":"projects/planavsky-com/locations/us-central1/functions/app"},"runtime":"nodejs18","buildId":"6634c7ff-48d3-49c2-a02a-e78f2fd77f71","buildEnvironmentVariables":{"GOOGLE_NODE_RUN_SCRIPTS":""},"buildName":"projects/737615407449/locations/us-central1/builds/6634c7ff-48d3-49c2-a02a-e78f2fd77f71","dockerRegistry":"ARTIFACT_REGISTRY"},"versionId":"495","updateTime":"2023-10-17T17:50:11Z"}}
[debug] [2023-10-17T17:50:11.405Z] >>> [apiv2][query] GET https://cloudfunctions.googleapis.com/v1/operations/cGxhbmF2c2t5LWNvbS91cy1jZW50cmFsMS9hcHAvcHViV0ZjT2tlX2M [none]
[debug] [2023-10-17T17:50:11.721Z] <<< [apiv2][status] GET https://cloudfunctions.googleapis.com/v1/operations/cGxhbmF2c2t5LWNvbS91cy1jZW50cmFsMS9hcHAvcHViV0ZjT2tlX2M 200
[debug] [2023-10-17T17:50:11.721Z] <<< [apiv2][body] GET https://cloudfunctions.googleapis.com/v1/operations/cGxhbmF2c2t5LWNvbS91cy1jZW50cmFsMS9hcHAvcHViV0ZjT2tlX2M {"name":"operations/cGxhbmF2c2t5LWNvbS91cy1jZW50cmFsMS9hcHAvcHViV0ZjT2tlX2M","metadata":{"@type":"type.googleapis.com/google.cloud.functions.v1.OperationMetadataV1","target":"projects/planavsky-com/locations/us-central1/functions/app","type":"UPDATE_FUNCTION","request":{"@type":"type.googleapis.com/google.cloud.functions.v1.CloudFunction","name":"projects/planavsky-com/locations/us-central1/functions/app","httpsTrigger":{"url":"https://us-central1-planavsky-com.cloudfunctions.net/app","securityLevel":"SECURE_OPTIONAL"},"status":"ACTIVE","entryPoint":"app","updateTime":"2023-01-28T00:00:14.333Z","versionId":"489","labels":{"deployment-tool":"cli-firebase","firebase-functions-hash":"e01cffa756dd3531a7eca66bc9184aa6d8fa6a7b"},"sourceUploadUrl":"https://storage.googleapis.com/uploads-143443593293.us-central1.cloudfunctions.appspot.com/2892e2c1-3c92-40da-b63d-7015d51f4595.zip?GoogleAccessId=service-737615407449@gcf-admin-robot.iam.gserviceaccount.com&Expires=1697566808&Signature=e9dm9LN8sZovK31sAGD7IyEdi4WO0Mpu6R0WlSopqQILyF%2B5ca%2B%2FfAQNbGdjhI%2BXJnUtijU80tTze4RfDcjolgzqbU4DkULHlROZNf199SuOjdlPATRhhM4Ob4LTxWwxVbWoLsl%2BlhrX7YNv3C6mHV1vpt%2F8FOfJ%2F7oxg1iwPIlB%2BTNNmE3lJzSLSt7olfAwsJvQqvFBCePCthADnhFxjf%2BsTfGwcqHY2DovMaPHsdUqNM3uPEP2kntDqLwLdA298lBJFu1mWKMQqwZF4C54zT2TsDTzxJUG%2F7zmrm%2B01QLT8HOXRwNV1H3xGZnVDrzErpaj%2B13kv6VknB%2FkFUMrGg%3D%3D","environmentVariables":{"FIREBASE_CONFIG":"{\"projectId\":\"planavsky-com\",\"databaseURL\":\"https://planavsky-com.firebaseio.com\",\"storageBucket\":\"planavsky-com.appspot.com\",\"locationId\":\"us-east1\"}","GCLOUD_PROJECT":"planavsky-com","EVENTARC_CLOUD_EVENT_SOURCE":"projects/planavsky-com/locations/us-central1/functions/app"},"runtime":"nodejs18","buildId":"6634c7ff-48d3-49c2-a02a-e78f2fd77f71","buildEnvironmentVariables":{"GOOGLE_NODE_RUN_SCRIPTS":""},"buildName":"projects/737615407449/locations/us-central1/builds/6634c7ff-48d3-49c2-a02a-e78f2fd77f71","dockerRegistry":"ARTIFACT_REGISTRY"},"versionId":"495","updateTime":"2023-10-17T17:50:11Z"}}
[debug] [2023-10-17T17:50:12.221Z] [update-default-us-central1-app] Retrying task index 0
[debug] [2023-10-17T17:50:12.222Z] >>> [apiv2][query] GET https://cloudfunctions.googleapis.com/v1/operations/cGxhbmF2c2t5LWNvbS91cy1jZW50cmFsMS9hcHAvcHViV0ZjT2tlX2M [none]
[debug] [2023-10-17T17:50:12.451Z] <<< [apiv2][status] GET https://cloudfunctions.googleapis.com/v1/operations/cGxhbmF2c2t5LWNvbS91cy1jZW50cmFsMS9hcHAvcHViV0ZjT2tlX2M 200
[debug] [2023-10-17T17:50:12.452Z] <<< [apiv2][body] GET https://cloudfunctions.googleapis.com/v1/operations/cGxhbmF2c2t5LWNvbS91cy1jZW50cmFsMS9hcHAvcHViV0ZjT2tlX2M {"name":"operations/cGxhbmF2c2t5LWNvbS91cy1jZW50cmFsMS9hcHAvcHViV0ZjT2tlX2M","metadata":{"@type":"type.googleapis.com/google.cloud.functions.v1.OperationMetadataV1","target":"projects/planavsky-com/locations/us-central1/functions/app","type":"UPDATE_FUNCTION","request":{"@type":"type.googleapis.com/google.cloud.functions.v1.CloudFunction","name":"projects/planavsky-com/locations/us-central1/functions/app","httpsTrigger":{"url":"https://us-central1-planavsky-com.cloudfunctions.net/app","securityLevel":"SECURE_OPTIONAL"},"status":"ACTIVE","entryPoint":"app","updateTime":"2023-01-28T00:00:14.333Z","versionId":"489","labels":{"deployment-tool":"cli-firebase","firebase-functions-hash":"e01cffa756dd3531a7eca66bc9184aa6d8fa6a7b"},"sourceUploadUrl":"https://storage.googleapis.com/uploads-143443593293.us-central1.cloudfunctions.appspot.com/2892e2c1-3c92-40da-b63d-7015d51f4595.zip?GoogleAccessId=service-737615407449@gcf-admin-robot.iam.gserviceaccount.com&Expires=1697566808&Signature=e9dm9LN8sZovK31sAGD7IyEdi4WO0Mpu6R0WlSopqQILyF%2B5ca%2B%2FfAQNbGdjhI%2BXJnUtijU80tTze4RfDcjolgzqbU4DkULHlROZNf199SuOjdlPATRhhM4Ob4LTxWwxVbWoLsl%2BlhrX7YNv3C6mHV1vpt%2F8FOfJ%2F7oxg1iwPIlB%2BTNNmE3lJzSLSt7olfAwsJvQqvFBCePCthADnhFxjf%2BsTfGwcqHY2DovMaPHsdUqNM3uPEP2kntDqLwLdA298lBJFu1mWKMQqwZF4C54zT2TsDTzxJUG%2F7zmrm%2B01QLT8HOXRwNV1H3xGZnVDrzErpaj%2B13kv6VknB%2FkFUMrGg%3D%3D","environmentVariables":{"FIREBASE_CONFIG":"{\"projectId\":\"planavsky-com\",\"databaseURL\":\"https://planavsky-com.firebaseio.com\",\"storageBucket\":\"planavsky-com.appspot.com\",\"locationId\":\"us-east1\"}","GCLOUD_PROJECT":"planavsky-com","EVENTARC_CLOUD_EVENT_SOURCE":"projects/planavsky-com/locations/us-central1/functions/app"},"runtime":"nodejs18","buildId":"6634c7ff-48d3-49c2-a02a-e78f2fd77f71","buildEnvironmentVariables":{"GOOGLE_NODE_RUN_SCRIPTS":""},"buildName":"projects/737615407449/locations/us-central1/builds/6634c7ff-48d3-49c2-a02a-e78f2fd77f71","dockerRegistry":"ARTIFACT_REGISTRY"},"versionId":"495","updateTime":"2023-10-17T17:50:11Z","buildId":"8057f379-1058-4a6a-9f8e-437ff5060862","buildName":"projects/737615407449/locations/us-central1/builds/8057f379-1058-4a6a-9f8e-437ff5060862"}}
[debug] [2023-10-17T17:50:13.453Z] [update-default-us-central1-app] Retrying task index 0
[debug] [2023-10-17T17:50:13.454Z] >>> [apiv2][query] GET https://cloudfunctions.googleapis.com/v1/operations/cGxhbmF2c2t5LWNvbS91cy1jZW50cmFsMS9hcHAvcHViV0ZjT2tlX2M [none]
[debug] [2023-10-17T17:50:13.882Z] <<< [apiv2][status] GET https://cloudfunctions.googleapis.com/v1/operations/cGxhbmF2c2t5LWNvbS91cy1jZW50cmFsMS9hcHAvcHViV0ZjT2tlX2M 200
[debug] [2023-10-17T17:50:13.882Z] <<< [apiv2][body] GET https://cloudfunctions.googleapis.com/v1/operations/cGxhbmF2c2t5LWNvbS91cy1jZW50cmFsMS9hcHAvcHViV0ZjT2tlX2M {"name":"operations/cGxhbmF2c2t5LWNvbS91cy1jZW50cmFsMS9hcHAvcHViV0ZjT2tlX2M","metadata":{"@type":"type.googleapis.com/google.cloud.functions.v1.OperationMetadataV1","target":"projects/planavsky-com/locations/us-central1/functions/app","type":"UPDATE_FUNCTION","request":{"@type":"type.googleapis.com/google.cloud.functions.v1.CloudFunction","name":"projects/planavsky-com/locations/us-central1/functions/app","httpsTrigger":{"url":"https://us-central1-planavsky-com.cloudfunctions.net/app","securityLevel":"SECURE_OPTIONAL"},"status":"ACTIVE","entryPoint":"app","updateTime":"2023-01-28T00:00:14.333Z","versionId":"489","labels":{"deployment-tool":"cli-firebase","firebase-functions-hash":"e01cffa756dd3531a7eca66bc9184aa6d8fa6a7b"},"sourceUploadUrl":"https://storage.googleapis.com/uploads-143443593293.us-central1.cloudfunctions.appspot.com/2892e2c1-3c92-40da-b63d-7015d51f4595.zip?GoogleAccessId=service-737615407449@gcf-admin-robot.iam.gserviceaccount.com&Expires=1697566808&Signature=e9dm9LN8sZovK31sAGD7IyEdi4WO0Mpu6R0WlSopqQILyF%2B5ca%2B%2FfAQNbGdjhI%2BXJnUtijU80tTze4RfDcjolgzqbU4DkULHlROZNf199SuOjdlPATRhhM4Ob4LTxWwxVbWoLsl%2BlhrX7YNv3C6mHV1vpt%2F8FOfJ%2F7oxg1iwPIlB%2BTNNmE3lJzSLSt7olfAwsJvQqvFBCePCthADnhFxjf%2BsTfGwcqHY2DovMaPHsdUqNM3uPEP2kntDqLwLdA298lBJFu1mWKMQqwZF4C54zT2TsDTzxJUG%2F7zmrm%2B01QLT8HOXRwNV1H3xGZnVDrzErpaj%2B13kv6VknB%2FkFUMrGg%3D%3D","environmentVariables":{"FIREBASE_CONFIG":"{\"projectId\":\"planavsky-com\",\"databaseURL\":\"https://planavsky-com.firebaseio.com\",\"storageBucket\":\"planavsky-com.appspot.com\",\"locationId\":\"us-east1\"}","GCLOUD_PROJECT":"planavsky-com","EVENTARC_CLOUD_EVENT_SOURCE":"projects/planavsky-com/locations/us-central1/functions/app"},"runtime":"nodejs18","buildId":"6634c7ff-48d3-49c2-a02a-e78f2fd77f71","buildEnvironmentVariables":{"GOOGLE_NODE_RUN_SCRIPTS":""},"buildName":"projects/737615407449/locations/us-central1/builds/6634c7ff-48d3-49c2-a02a-e78f2fd77f71","dockerRegistry":"ARTIFACT_REGISTRY"},"versionId":"495","updateTime":"2023-10-17T17:50:11Z","buildId":"8057f379-1058-4a6a-9f8e-437ff5060862","buildName":"projects/737615407449/locations/us-central1/builds/8057f379-1058-4a6a-9f8e-437ff5060862"}}
[debug] [2023-10-17T17:50:15.883Z] [update-default-us-central1-app] Retrying task index 0
[debug] [2023-10-17T17:50:15.883Z] >>> [apiv2][query] GET https://cloudfunctions.googleapis.com/v1/operations/cGxhbmF2c2t5LWNvbS91cy1jZW50cmFsMS9hcHAvcHViV0ZjT2tlX2M [none]
[debug] [2023-10-17T17:50:16.022Z] <<< [apiv2][status] GET https://cloudfunctions.googleapis.com/v1/operations/cGxhbmF2c2t5LWNvbS91cy1jZW50cmFsMS9hcHAvcHViV0ZjT2tlX2M 200
[debug] [2023-10-17T17:50:16.022Z] <<< [apiv2][body] GET https://cloudfunctions.googleapis.com/v1/operations/cGxhbmF2c2t5LWNvbS91cy1jZW50cmFsMS9hcHAvcHViV0ZjT2tlX2M {"name":"operations/cGxhbmF2c2t5LWNvbS91cy1jZW50cmFsMS9hcHAvcHViV0ZjT2tlX2M","metadata":{"@type":"type.googleapis.com/google.cloud.functions.v1.OperationMetadataV1","target":"projects/planavsky-com/locations/us-central1/functions/app","type":"UPDATE_FUNCTION","request":{"@type":"type.googleapis.com/google.cloud.functions.v1.CloudFunction","name":"projects/planavsky-com/locations/us-central1/functions/app","httpsTrigger":{"url":"https://us-central1-planavsky-com.cloudfunctions.net/app","securityLevel":"SECURE_OPTIONAL"},"status":"ACTIVE","entryPoint":"app","updateTime":"2023-01-28T00:00:14.333Z","versionId":"489","labels":{"deployment-tool":"cli-firebase","firebase-functions-hash":"e01cffa756dd3531a7eca66bc9184aa6d8fa6a7b"},"sourceUploadUrl":"https://storage.googleapis.com/uploads-143443593293.us-central1.cloudfunctions.appspot.com/2892e2c1-3c92-40da-b63d-7015d51f4595.zip?GoogleAccessId=service-737615407449@gcf-admin-robot.iam.gserviceaccount.com&Expires=1697566808&Signature=e9dm9LN8sZovK31sAGD7IyEdi4WO0Mpu6R0WlSopqQILyF%2B5ca%2B%2FfAQNbGdjhI%2BXJnUtijU80tTze4RfDcjolgzqbU4DkULHlROZNf199SuOjdlPATRhhM4Ob4LTxWwxVbWoLsl%2BlhrX7YNv3C6mHV1vpt%2F8FOfJ%2F7oxg1iwPIlB%2BTNNmE3lJzSLSt7olfAwsJvQqvFBCePCthADnhFxjf%2BsTfGwcqHY2DovMaPHsdUqNM3uPEP2kntDqLwLdA298lBJFu1mWKMQqwZF4C54zT2TsDTzxJUG%2F7zmrm%2B01QLT8HOXRwNV1H3xGZnVDrzErpaj%2B13kv6VknB%2FkFUMrGg%3D%3D","environmentVariables":{"FIREBASE_CONFIG":"{\"projectId\":\"planavsky-com\",\"databaseURL\":\"https://planavsky-com.firebaseio.com\",\"storageBucket\":\"planavsky-com.appspot.com\",\"locationId\":\"us-east1\"}","GCLOUD_PROJECT":"planavsky-com","EVENTARC_CLOUD_EVENT_SOURCE":"projects/planavsky-com/locations/us-central1/functions/app"},"runtime":"nodejs18","buildId":"6634c7ff-48d3-49c2-a02a-e78f2fd77f71","buildEnvironmentVariables":{"GOOGLE_NODE_RUN_SCRIPTS":""},"buildName":"projects/737615407449/locations/us-central1/builds/6634c7ff-48d3-49c2-a02a-e78f2fd77f71","dockerRegistry":"ARTIFACT_REGISTRY"},"versionId":"495","updateTime":"2023-10-17T17:50:11Z","buildId":"8057f379-1058-4a6a-9f8e-437ff5060862","buildName":"projects/737615407449/locations/us-central1/builds/8057f379-1058-4a6a-9f8e-437ff5060862"}}
[debug] [2023-10-17T17:50:20.023Z] [update-default-us-central1-app] Retrying task index 0
[debug] [2023-10-17T17:50:20.023Z] >>> [apiv2][query] GET https://cloudfunctions.googleapis.com/v1/operations/cGxhbmF2c2t5LWNvbS91cy1jZW50cmFsMS9hcHAvcHViV0ZjT2tlX2M [none]
[debug] [2023-10-17T17:50:20.176Z] <<< [apiv2][status] GET https://cloudfunctions.googleapis.com/v1/operations/cGxhbmF2c2t5LWNvbS91cy1jZW50cmFsMS9hcHAvcHViV0ZjT2tlX2M 200
[debug] [2023-10-17T17:50:20.177Z] <<< [apiv2][body] GET https://cloudfunctions.googleapis.com/v1/operations/cGxhbmF2c2t5LWNvbS91cy1jZW50cmFsMS9hcHAvcHViV0ZjT2tlX2M {"name":"operations/cGxhbmF2c2t5LWNvbS91cy1jZW50cmFsMS9hcHAvcHViV0ZjT2tlX2M","metadata":{"@type":"type.googleapis.com/google.cloud.functions.v1.OperationMetadataV1","target":"projects/planavsky-com/locations/us-central1/functions/app","type":"UPDATE_FUNCTION","request":{"@type":"type.googleapis.com/google.cloud.functions.v1.CloudFunction","name":"projects/planavsky-com/locations/us-central1/functions/app","httpsTrigger":{"url":"https://us-central1-planavsky-com.cloudfunctions.net/app","securityLevel":"SECURE_OPTIONAL"},"status":"ACTIVE","entryPoint":"app","updateTime":"2023-01-28T00:00:14.333Z","versionId":"489","labels":{"deployment-tool":"cli-firebase","firebase-functions-hash":"e01cffa756dd3531a7eca66bc9184aa6d8fa6a7b"},"sourceUploadUrl":"https://storage.googleapis.com/uploads-143443593293.us-central1.cloudfunctions.appspot.com/2892e2c1-3c92-40da-b63d-7015d51f4595.zip?GoogleAccessId=service-737615407449@gcf-admin-robot.iam.gserviceaccount.com&Expires=1697566808&Signature=e9dm9LN8sZovK31sAGD7IyEdi4WO0Mpu6R0WlSopqQILyF%2B5ca%2B%2FfAQNbGdjhI%2BXJnUtijU80tTze4RfDcjolgzqbU4DkULHlROZNf199SuOjdlPATRhhM4Ob4LTxWwxVbWoLsl%2BlhrX7YNv3C6mHV1vpt%2F8FOfJ%2F7oxg1iwPIlB%2BTNNmE3lJzSLSt7olfAwsJvQqvFBCePCthADnhFxjf%2BsTfGwcqHY2DovMaPHsdUqNM3uPEP2kntDqLwLdA298lBJFu1mWKMQqwZF4C54zT2TsDTzxJUG%2F7zmrm%2B01QLT8HOXRwNV1H3xGZnVDrzErpaj%2B13kv6VknB%2FkFUMrGg%3D%3D","environmentVariables":{"FIREBASE_CONFIG":"{\"projectId\":\"planavsky-com\",\"databaseURL\":\"https://planavsky-com.firebaseio.com\",\"storageBucket\":\"planavsky-com.appspot.com\",\"locationId\":\"us-east1\"}","GCLOUD_PROJECT":"planavsky-com","EVENTARC_CLOUD_EVENT_SOURCE":"projects/planavsky-com/locations/us-central1/functions/app"},"runtime":"nodejs18","buildId":"6634c7ff-48d3-49c2-a02a-e78f2fd77f71","buildEnvironmentVariables":{"GOOGLE_NODE_RUN_SCRIPTS":""},"buildName":"projects/737615407449/locations/us-central1/builds/6634c7ff-48d3-49c2-a02a-e78f2fd77f71","dockerRegistry":"ARTIFACT_REGISTRY"},"versionId":"495","updateTime":"2023-10-17T17:50:11Z","buildId":"8057f379-1058-4a6a-9f8e-437ff5060862","buildName":"projects/737615407449/locations/us-central1/builds/8057f379-1058-4a6a-9f8e-437ff5060862"}}
[debug] [2023-10-17T17:50:28.178Z] [update-default-us-central1-app] Retrying task index 0
[debug] [2023-10-17T17:50:28.179Z] >>> [apiv2][query] GET https://cloudfunctions.googleapis.com/v1/operations/cGxhbmF2c2t5LWNvbS91cy1jZW50cmFsMS9hcHAvcHViV0ZjT2tlX2M [none]
[debug] [2023-10-17T17:50:28.468Z] <<< [apiv2][status] GET https://cloudfunctions.googleapis.com/v1/operations/cGxhbmF2c2t5LWNvbS91cy1jZW50cmFsMS9hcHAvcHViV0ZjT2tlX2M 200
[debug] [2023-10-17T17:50:28.468Z] <<< [apiv2][body] GET https://cloudfunctions.googleapis.com/v1/operations/cGxhbmF2c2t5LWNvbS91cy1jZW50cmFsMS9hcHAvcHViV0ZjT2tlX2M {"name":"operations/cGxhbmF2c2t5LWNvbS91cy1jZW50cmFsMS9hcHAvcHViV0ZjT2tlX2M","metadata":{"@type":"type.googleapis.com/google.cloud.functions.v1.OperationMetadataV1","target":"projects/planavsky-com/locations/us-central1/functions/app","type":"UPDATE_FUNCTION","request":{"@type":"type.googleapis.com/google.cloud.functions.v1.CloudFunction","name":"projects/planavsky-com/locations/us-central1/functions/app","httpsTrigger":{"url":"https://us-central1-planavsky-com.cloudfunctions.net/app","securityLevel":"SECURE_OPTIONAL"},"status":"ACTIVE","entryPoint":"app","updateTime":"2023-01-28T00:00:14.333Z","versionId":"489","labels":{"deployment-tool":"cli-firebase","firebase-functions-hash":"e01cffa756dd3531a7eca66bc9184aa6d8fa6a7b"},"sourceUploadUrl":"https://storage.googleapis.com/uploads-143443593293.us-central1.cloudfunctions.appspot.com/2892e2c1-3c92-40da-b63d-7015d51f4595.zip?GoogleAccessId=service-737615407449@gcf-admin-robot.iam.gserviceaccount.com&Expires=1697566808&Signature=e9dm9LN8sZovK31sAGD7IyEdi4WO0Mpu6R0WlSopqQILyF%2B5ca%2B%2FfAQNbGdjhI%2BXJnUtijU80tTze4RfDcjolgzqbU4DkULHlROZNf199SuOjdlPATRhhM4Ob4LTxWwxVbWoLsl%2BlhrX7YNv3C6mHV1vpt%2F8FOfJ%2F7oxg1iwPIlB%2BTNNmE3lJzSLSt7olfAwsJvQqvFBCePCthADnhFxjf%2BsTfGwcqHY2DovMaPHsdUqNM3uPEP2kntDqLwLdA298lBJFu1mWKMQqwZF4C54zT2TsDTzxJUG%2F7zmrm%2B01QLT8HOXRwNV1H3xGZnVDrzErpaj%2B13kv6VknB%2FkFUMrGg%3D%3D","environmentVariables":{"FIREBASE_CONFIG":"{\"projectId\":\"planavsky-com\",\"databaseURL\":\"https://planavsky-com.firebaseio.com\",\"storageBucket\":\"planavsky-com.appspot.com\",\"locationId\":\"us-east1\"}","GCLOUD_PROJECT":"planavsky-com","EVENTARC_CLOUD_EVENT_SOURCE":"projects/planavsky-com/locations/us-central1/functions/app"},"runtime":"nodejs18","buildId":"6634c7ff-48d3-49c2-a02a-e78f2fd77f71","buildEnvironmentVariables":{"GOOGLE_NODE_RUN_SCRIPTS":""},"buildName":"projects/737615407449/locations/us-central1/builds/6634c7ff-48d3-49c2-a02a-e78f2fd77f71","dockerRegistry":"ARTIFACT_REGISTRY"},"versionId":"495","updateTime":"2023-10-17T17:50:11Z","buildId":"8057f379-1058-4a6a-9f8e-437ff5060862","buildName":"projects/737615407449/locations/us-central1/builds/8057f379-1058-4a6a-9f8e-437ff5060862"}}
[debug] [2023-10-17T17:50:38.469Z] [update-default-us-central1-app] Retrying task index 0
[debug] [2023-10-17T17:50:38.469Z] >>> [apiv2][query] GET https://cloudfunctions.googleapis.com/v1/operations/cGxhbmF2c2t5LWNvbS91cy1jZW50cmFsMS9hcHAvcHViV0ZjT2tlX2M [none]
[debug] [2023-10-17T17:50:38.610Z] <<< [apiv2][status] GET https://cloudfunctions.googleapis.com/v1/operations/cGxhbmF2c2t5LWNvbS91cy1jZW50cmFsMS9hcHAvcHViV0ZjT2tlX2M 200
[debug] [2023-10-17T17:50:38.610Z] <<< [apiv2][body] GET https://cloudfunctions.googleapis.com/v1/operations/cGxhbmF2c2t5LWNvbS91cy1jZW50cmFsMS9hcHAvcHViV0ZjT2tlX2M {"name":"operations/cGxhbmF2c2t5LWNvbS91cy1jZW50cmFsMS9hcHAvcHViV0ZjT2tlX2M","metadata":{"@type":"type.googleapis.com/google.cloud.functions.v1.OperationMetadataV1","target":"projects/planavsky-com/locations/us-central1/functions/app","type":"UPDATE_FUNCTION","request":{"@type":"type.googleapis.com/google.cloud.functions.v1.CloudFunction","name":"projects/planavsky-com/locations/us-central1/functions/app","httpsTrigger":{"url":"https://us-central1-planavsky-com.cloudfunctions.net/app","securityLevel":"SECURE_OPTIONAL"},"status":"ACTIVE","entryPoint":"app","updateTime":"2023-01-28T00:00:14.333Z","versionId":"489","labels":{"deployment-tool":"cli-firebase","firebase-functions-hash":"e01cffa756dd3531a7eca66bc9184aa6d8fa6a7b"},"sourceUploadUrl":"https://storage.googleapis.com/uploads-143443593293.us-central1.cloudfunctions.appspot.com/2892e2c1-3c92-40da-b63d-7015d51f4595.zip?GoogleAccessId=service-737615407449@gcf-admin-robot.iam.gserviceaccount.com&Expires=1697566808&Signature=e9dm9LN8sZovK31sAGD7IyEdi4WO0Mpu6R0WlSopqQILyF%2B5ca%2B%2FfAQNbGdjhI%2BXJnUtijU80tTze4RfDcjolgzqbU4DkULHlROZNf199SuOjdlPATRhhM4Ob4LTxWwxVbWoLsl%2BlhrX7YNv3C6mHV1vpt%2F8FOfJ%2F7oxg1iwPIlB%2BTNNmE3lJzSLSt7olfAwsJvQqvFBCePCthADnhFxjf%2BsTfGwcqHY2DovMaPHsdUqNM3uPEP2kntDqLwLdA298lBJFu1mWKMQqwZF4C54zT2TsDTzxJUG%2F7zmrm%2B01QLT8HOXRwNV1H3xGZnVDrzErpaj%2B13kv6VknB%2FkFUMrGg%3D%3D","environmentVariables":{"FIREBASE_CONFIG":"{\"projectId\":\"planavsky-com\",\"databaseURL\":\"https://planavsky-com.firebaseio.com\",\"storageBucket\":\"planavsky-com.appspot.com\",\"locationId\":\"us-east1\"}","GCLOUD_PROJECT":"planavsky-com","EVENTARC_CLOUD_EVENT_SOURCE":"projects/planavsky-com/locations/us-central1/functions/app"},"runtime":"nodejs18","buildId":"6634c7ff-48d3-49c2-a02a-e78f2fd77f71","buildEnvironmentVariables":{"GOOGLE_NODE_RUN_SCRIPTS":""},"buildName":"projects/737615407449/locations/us-central1/builds/6634c7ff-48d3-49c2-a02a-e78f2fd77f71","dockerRegistry":"ARTIFACT_REGISTRY"},"versionId":"495","updateTime":"2023-10-17T17:50:11Z","buildId":"8057f379-1058-4a6a-9f8e-437ff5060862","buildName":"projects/737615407449/locations/us-central1/builds/8057f379-1058-4a6a-9f8e-437ff5060862"}}
[debug] [2023-10-17T17:50:48.612Z] [update-default-us-central1-app] Retrying task index 0
[debug] [2023-10-17T17:50:48.612Z] >>> [apiv2][query] GET https://cloudfunctions.googleapis.com/v1/operations/cGxhbmF2c2t5LWNvbS91cy1jZW50cmFsMS9hcHAvcHViV0ZjT2tlX2M [none]
[debug] [2023-10-17T17:50:48.766Z] <<< [apiv2][status] GET https://cloudfunctions.googleapis.com/v1/operations/cGxhbmF2c2t5LWNvbS91cy1jZW50cmFsMS9hcHAvcHViV0ZjT2tlX2M 200
[debug] [2023-10-17T17:50:48.766Z] <<< [apiv2][body] GET https://cloudfunctions.googleapis.com/v1/operations/cGxhbmF2c2t5LWNvbS91cy1jZW50cmFsMS9hcHAvcHViV0ZjT2tlX2M {"name":"operations/cGxhbmF2c2t5LWNvbS91cy1jZW50cmFsMS9hcHAvcHViV0ZjT2tlX2M","metadata":{"@type":"type.googleapis.com/google.cloud.functions.v1.OperationMetadataV1","target":"projects/planavsky-com/locations/us-central1/functions/app","type":"UPDATE_FUNCTION","request":{"@type":"type.googleapis.com/google.cloud.functions.v1.CloudFunction","name":"projects/planavsky-com/locations/us-central1/functions/app","httpsTrigger":{"url":"https://us-central1-planavsky-com.cloudfunctions.net/app","securityLevel":"SECURE_OPTIONAL"},"status":"ACTIVE","entryPoint":"app","updateTime":"2023-01-28T00:00:14.333Z","versionId":"489","labels":{"deployment-tool":"cli-firebase","firebase-functions-hash":"e01cffa756dd3531a7eca66bc9184aa6d8fa6a7b"},"sourceUploadUrl":"https://storage.googleapis.com/uploads-143443593293.us-central1.cloudfunctions.appspot.com/2892e2c1-3c92-40da-b63d-7015d51f4595.zip?GoogleAccessId=service-737615407449@gcf-admin-robot.iam.gserviceaccount.com&Expires=1697566808&Signature=e9dm9LN8sZovK31sAGD7IyEdi4WO0Mpu6R0WlSopqQILyF%2B5ca%2B%2FfAQNbGdjhI%2BXJnUtijU80tTze4RfDcjolgzqbU4DkULHlROZNf199SuOjdlPATRhhM4Ob4LTxWwxVbWoLsl%2BlhrX7YNv3C6mHV1vpt%2F8FOfJ%2F7oxg1iwPIlB%2BTNNmE3lJzSLSt7olfAwsJvQqvFBCePCthADnhFxjf%2BsTfGwcqHY2DovMaPHsdUqNM3uPEP2kntDqLwLdA298lBJFu1mWKMQqwZF4C54zT2TsDTzxJUG%2F7zmrm%2B01QLT8HOXRwNV1H3xGZnVDrzErpaj%2B13kv6VknB%2FkFUMrGg%3D%3D","environmentVariables":{"FIREBASE_CONFIG":"{\"projectId\":\"planavsky-com\",\"databaseURL\":\"https://planavsky-com.firebaseio.com\",\"storageBucket\":\"planavsky-com.appspot.com\",\"locationId\":\"us-east1\"}","GCLOUD_PROJECT":"planavsky-com","EVENTARC_CLOUD_EVENT_SOURCE":"projects/planavsky-com/locations/us-central1/functions/app"},"runtime":"nodejs18","buildId":"6634c7ff-48d3-49c2-a02a-e78f2fd77f71","buildEnvironmentVariables":{"GOOGLE_NODE_RUN_SCRIPTS":""},"buildName":"projects/737615407449/locations/us-central1/builds/6634c7ff-48d3-49c2-a02a-e78f2fd77f71","dockerRegistry":"ARTIFACT_REGISTRY"},"versionId":"495","updateTime":"2023-10-17T17:50:11Z","buildId":"8057f379-1058-4a6a-9f8e-437ff5060862","buildName":"projects/737615407449/locations/us-central1/builds/8057f379-1058-4a6a-9f8e-437ff5060862"}}
[debug] [2023-10-17T17:50:58.767Z] [update-default-us-central1-app] Retrying task index 0
[debug] [2023-10-17T17:50:58.768Z] >>> [apiv2][query] GET https://cloudfunctions.googleapis.com/v1/operations/cGxhbmF2c2t5LWNvbS91cy1jZW50cmFsMS9hcHAvcHViV0ZjT2tlX2M [none]
[debug] [2023-10-17T17:50:58.942Z] <<< [apiv2][status] GET https://cloudfunctions.googleapis.com/v1/operations/cGxhbmF2c2t5LWNvbS91cy1jZW50cmFsMS9hcHAvcHViV0ZjT2tlX2M 200
[debug] [2023-10-17T17:50:58.943Z] <<< [apiv2][body] GET https://cloudfunctions.googleapis.com/v1/operations/cGxhbmF2c2t5LWNvbS91cy1jZW50cmFsMS9hcHAvcHViV0ZjT2tlX2M {"name":"operations/cGxhbmF2c2t5LWNvbS91cy1jZW50cmFsMS9hcHAvcHViV0ZjT2tlX2M","metadata":{"@type":"type.googleapis.com/google.cloud.functions.v1.OperationMetadataV1","target":"projects/planavsky-com/locations/us-central1/functions/app","type":"UPDATE_FUNCTION","request":{"@type":"type.googleapis.com/google.cloud.functions.v1.CloudFunction","name":"projects/planavsky-com/locations/us-central1/functions/app","httpsTrigger":{"url":"https://us-central1-planavsky-com.cloudfunctions.net/app","securityLevel":"SECURE_OPTIONAL"},"status":"ACTIVE","entryPoint":"app","updateTime":"2023-01-28T00:00:14.333Z","versionId":"489","labels":{"deployment-tool":"cli-firebase","firebase-functions-hash":"e01cffa756dd3531a7eca66bc9184aa6d8fa6a7b"},"sourceUploadUrl":"https://storage.googleapis.com/uploads-143443593293.us-central1.cloudfunctions.appspot.com/2892e2c1-3c92-40da-b63d-7015d51f4595.zip?GoogleAccessId=service-737615407449@gcf-admin-robot.iam.gserviceaccount.com&Expires=1697566808&Signature=e9dm9LN8sZovK31sAGD7IyEdi4WO0Mpu6R0WlSopqQILyF%2B5ca%2B%2FfAQNbGdjhI%2BXJnUtijU80tTze4RfDcjolgzqbU4DkULHlROZNf199SuOjdlPATRhhM4Ob4LTxWwxVbWoLsl%2BlhrX7YNv3C6mHV1vpt%2F8FOfJ%2F7oxg1iwPIlB%2BTNNmE3lJzSLSt7olfAwsJvQqvFBCePCthADnhFxjf%2BsTfGwcqHY2DovMaPHsdUqNM3uPEP2kntDqLwLdA298lBJFu1mWKMQqwZF4C54zT2TsDTzxJUG%2F7zmrm%2B01QLT8HOXRwNV1H3xGZnVDrzErpaj%2B13kv6VknB%2FkFUMrGg%3D%3D","environmentVariables":{"FIREBASE_CONFIG":"{\"projectId\":\"planavsky-com\",\"databaseURL\":\"https://planavsky-com.firebaseio.com\",\"storageBucket\":\"planavsky-com.appspot.com\",\"locationId\":\"us-east1\"}","GCLOUD_PROJECT":"planavsky-com","EVENTARC_CLOUD_EVENT_SOURCE":"projects/planavsky-com/locations/us-central1/functions/app"},"runtime":"nodejs18","buildId":"6634c7ff-48d3-49c2-a02a-e78f2fd77f71","buildEnvironmentVariables":{"GOOGLE_NODE_RUN_SCRIPTS":""},"buildName":"projects/737615407449/locations/us-central1/builds/6634c7ff-48d3-49c2-a02a-e78f2fd77f71","dockerRegistry":"ARTIFACT_REGISTRY"},"versionId":"495","updateTime":"2023-10-17T17:50:11Z","buildId":"8057f379-1058-4a6a-9f8e-437ff5060862","buildName":"projects/737615407449/locations/us-central1/builds/8057f379-1058-4a6a-9f8e-437ff5060862"}}
[debug] [2023-10-17T17:51:08.945Z] [update-default-us-central1-app] Retrying task index 0
[debug] [2023-10-17T17:51:08.945Z] >>> [apiv2][query] GET https://cloudfunctions.googleapis.com/v1/operations/cGxhbmF2c2t5LWNvbS91cy1jZW50cmFsMS9hcHAvcHViV0ZjT2tlX2M [none]
[debug] [2023-10-17T17:51:09.142Z] <<< [apiv2][status] GET https://cloudfunctions.googleapis.com/v1/operations/cGxhbmF2c2t5LWNvbS91cy1jZW50cmFsMS9hcHAvcHViV0ZjT2tlX2M 200
[debug] [2023-10-17T17:51:09.142Z] <<< [apiv2][body] GET https://cloudfunctions.googleapis.com/v1/operations/cGxhbmF2c2t5LWNvbS91cy1jZW50cmFsMS9hcHAvcHViV0ZjT2tlX2M {"name":"operations/cGxhbmF2c2t5LWNvbS91cy1jZW50cmFsMS9hcHAvcHViV0ZjT2tlX2M","metadata":{"@type":"type.googleapis.com/google.cloud.functions.v1.OperationMetadataV1","target":"projects/planavsky-com/locations/us-central1/functions/app","type":"UPDATE_FUNCTION","request":{"@type":"type.googleapis.com/google.cloud.functions.v1.CloudFunction","name":"projects/planavsky-com/locations/us-central1/functions/app","httpsTrigger":{"url":"https://us-central1-planavsky-com.cloudfunctions.net/app","securityLevel":"SECURE_OPTIONAL"},"status":"ACTIVE","entryPoint":"app","updateTime":"2023-01-28T00:00:14.333Z","versionId":"489","labels":{"deployment-tool":"cli-firebase","firebase-functions-hash":"e01cffa756dd3531a7eca66bc9184aa6d8fa6a7b"},"sourceUploadUrl":"https://storage.googleapis.com/uploads-143443593293.us-central1.cloudfunctions.appspot.com/2892e2c1-3c92-40da-b63d-7015d51f4595.zip?GoogleAccessId=service-737615407449@gcf-admin-robot.iam.gserviceaccount.com&Expires=1697566808&Signature=e9dm9LN8sZovK31sAGD7IyEdi4WO0Mpu6R0WlSopqQILyF%2B5ca%2B%2FfAQNbGdjhI%2BXJnUtijU80tTze4RfDcjolgzqbU4DkULHlROZNf199SuOjdlPATRhhM4Ob4LTxWwxVbWoLsl%2BlhrX7YNv3C6mHV1vpt%2F8FOfJ%2F7oxg1iwPIlB%2BTNNmE3lJzSLSt7olfAwsJvQqvFBCePCthADnhFxjf%2BsTfGwcqHY2DovMaPHsdUqNM3uPEP2kntDqLwLdA298lBJFu1mWKMQqwZF4C54zT2TsDTzxJUG%2F7zmrm%2B01QLT8HOXRwNV1H3xGZnVDrzErpaj%2B13kv6VknB%2FkFUMrGg%3D%3D","environmentVariables":{"FIREBASE_CONFIG":"{\"projectId\":\"planavsky-com\",\"databaseURL\":\"https://planavsky-com.firebaseio.com\",\"storageBucket\":\"planavsky-com.appspot.com\",\"locationId\":\"us-east1\"}","GCLOUD_PROJECT":"planavsky-com","EVENTARC_CLOUD_EVENT_SOURCE":"projects/planavsky-com/locations/us-central1/functions/app"},"runtime":"nodejs18","buildId":"6634c7ff-48d3-49c2-a02a-e78f2fd77f71","buildEnvironmentVariables":{"GOOGLE_NODE_RUN_SCRIPTS":""},"buildName":"projects/737615407449/locations/us-central1/builds/6634c7ff-48d3-49c2-a02a-e78f2fd77f71","dockerRegistry":"ARTIFACT_REGISTRY"},"versionId":"495","updateTime":"2023-10-17T17:50:11Z","buildId":"8057f379-1058-4a6a-9f8e-437ff5060862","sourceToken":"8f777293-6cdb-4284-8cfc-d946585af7fa","buildName":"projects/737615407449/locations/us-central1/builds/8057f379-1058-4a6a-9f8e-437ff5060862"}}
[debug] [2023-10-17T17:51:09.143Z] Got source token 8f777293-6cdb-4284-8cfc-d946585af7fa for region us-central1
[debug] [2023-10-17T17:51:19.144Z] [update-default-us-central1-app] Retrying task index 0
[debug] [2023-10-17T17:51:19.144Z] >>> [apiv2][query] GET https://cloudfunctions.googleapis.com/v1/operations/cGxhbmF2c2t5LWNvbS91cy1jZW50cmFsMS9hcHAvcHViV0ZjT2tlX2M [none]
[debug] [2023-10-17T17:51:19.376Z] <<< [apiv2][status] GET https://cloudfunctions.googleapis.com/v1/operations/cGxhbmF2c2t5LWNvbS91cy1jZW50cmFsMS9hcHAvcHViV0ZjT2tlX2M 200
[debug] [2023-10-17T17:51:19.376Z] <<< [apiv2][body] GET https://cloudfunctions.googleapis.com/v1/operations/cGxhbmF2c2t5LWNvbS91cy1jZW50cmFsMS9hcHAvcHViV0ZjT2tlX2M {"name":"operations/cGxhbmF2c2t5LWNvbS91cy1jZW50cmFsMS9hcHAvcHViV0ZjT2tlX2M","metadata":{"@type":"type.googleapis.com/google.cloud.functions.v1.OperationMetadataV1","target":"projects/planavsky-com/locations/us-central1/functions/app","type":"UPDATE_FUNCTION","request":{"@type":"type.googleapis.com/google.cloud.functions.v1.CloudFunction","name":"projects/planavsky-com/locations/us-central1/functions/app","httpsTrigger":{"url":"https://us-central1-planavsky-com.cloudfunctions.net/app","securityLevel":"SECURE_OPTIONAL"},"status":"ACTIVE","entryPoint":"app","updateTime":"2023-01-28T00:00:14.333Z","versionId":"489","labels":{"deployment-tool":"cli-firebase","firebase-functions-hash":"e01cffa756dd3531a7eca66bc9184aa6d8fa6a7b"},"sourceUploadUrl":"https://storage.googleapis.com/uploads-143443593293.us-central1.cloudfunctions.appspot.com/2892e2c1-3c92-40da-b63d-7015d51f4595.zip?GoogleAccessId=service-737615407449@gcf-admin-robot.iam.gserviceaccount.com&Expires=1697566808&Signature=e9dm9LN8sZovK31sAGD7IyEdi4WO0Mpu6R0WlSopqQILyF%2B5ca%2B%2FfAQNbGdjhI%2BXJnUtijU80tTze4RfDcjolgzqbU4DkULHlROZNf199SuOjdlPATRhhM4Ob4LTxWwxVbWoLsl%2BlhrX7YNv3C6mHV1vpt%2F8FOfJ%2F7oxg1iwPIlB%2BTNNmE3lJzSLSt7olfAwsJvQqvFBCePCthADnhFxjf%2BsTfGwcqHY2DovMaPHsdUqNM3uPEP2kntDqLwLdA298lBJFu1mWKMQqwZF4C54zT2TsDTzxJUG%2F7zmrm%2B01QLT8HOXRwNV1H3xGZnVDrzErpaj%2B13kv6VknB%2FkFUMrGg%3D%3D","environmentVariables":{"FIREBASE_CONFIG":"{\"projectId\":\"planavsky-com\",\"databaseURL\":\"https://planavsky-com.firebaseio.com\",\"storageBucket\":\"planavsky-com.appspot.com\",\"locationId\":\"us-east1\"}","GCLOUD_PROJECT":"planavsky-com","EVENTARC_CLOUD_EVENT_SOURCE":"projects/planavsky-com/locations/us-central1/functions/app"},"runtime":"nodejs18","buildId":"6634c7ff-48d3-49c2-a02a-e78f2fd77f71","buildEnvironmentVariables":{"GOOGLE_NODE_RUN_SCRIPTS":""},"buildName":"projects/737615407449/locations/us-central1/builds/6634c7ff-48d3-49c2-a02a-e78f2fd77f71","dockerRegistry":"ARTIFACT_REGISTRY"},"versionId":"495","updateTime":"2023-10-17T17:51:09Z","buildId":"8057f379-1058-4a6a-9f8e-437ff5060862","sourceToken":"8f777293-6cdb-4284-8cfc-d946585af7fa","buildName":"projects/737615407449/locations/us-central1/builds/8057f379-1058-4a6a-9f8e-437ff5060862"},"done":true,"error":{"code":3,"message":"Function failed on loading user code. This is likely due to a bug in the user code. Error message: Provided module can't be loaded.\nDid you list all required modules in the package.json dependencies?\nDetailed stack trace: Error: Cannot find module 'owasp-password-strength-test'\nRequire stack:\n- /workspace/lib/app/user.js\n- /workspace/lib/index.js\n- /layers/google.nodejs.functions-framework/functions-framework/node_modules/@google-cloud/functions-framework/build/src/loader.js\n- /layers/google.nodejs.functions-framework/functions-framework/node_modules/@google-cloud/functions-framework/build/src/main.js\n    at Module._resolveFilename (node:internal/modules/cjs/loader:1077:15)\n    at Module._load (node:internal/modules/cjs/loader:922:27)\n    at Module.require (node:internal/modules/cjs/loader:1143:19)\n    at require (node:internal/modules/cjs/helpers:119:18)\n    at Object.<anonymous> (/workspace/lib/app/user.js:5:40)\n    at Module._compile (node:internal/modules/cjs/loader:1256:14)\n    at Module._extensions..js (node:internal/modules/cjs/loader:1310:10)\n    at Module.load (node:internal/modules/cjs/loader:1119:32)\n    at Module._load (node:internal/modules/cjs/loader:960:12)\n    at Module.require (node:internal/modules/cjs/loader:1143:19)\nCould not load the function, shutting down.. Please visit https://cloud.google.com/functions/docs/troubleshooting for in-depth troubleshooting documentation."}}
[debug] [2023-10-17T17:51:19.376Z] Got source token 8f777293-6cdb-4284-8cfc-d946585af7fa for region us-central1
[error] Function failed on loading user code. This is likely due to a bug in the user code. Error message: Provided module can't be loaded.
Did you list all required modules in the package.json dependencies?
Detailed stack trace: Error: Cannot find module 'owasp-password-strength-test'
Require stack:
- /workspace/lib/app/user.js
- /workspace/lib/index.js
- /layers/google.nodejs.functions-framework/functions-framework/node_modules/@google-cloud/functions-framework/build/src/loader.js
- /layers/google.nodejs.functions-framework/functions-framework/node_modules/@google-cloud/functions-framework/build/src/main.js
    at Module._resolveFilename (node:internal/modules/cjs/loader:1077:15)
    at Module._load (node:internal/modules/cjs/loader:922:27)
    at Module.require (node:internal/modules/cjs/loader:1143:19)
    at require (node:internal/modules/cjs/helpers:119:18)
    at Object.<anonymous> (/workspace/lib/app/user.js:5:40)
    at Module._compile (node:internal/modules/cjs/loader:1256:14)
    at Module._extensions..js (node:internal/modules/cjs/loader:1310:10)
    at Module.load (node:internal/modules/cjs/loader:1119:32)
    at Module._load (node:internal/modules/cjs/loader:960:12)
    at Module.require (node:internal/modules/cjs/loader:1143:19)
Could not load the function, shutting down.. Please visit https://cloud.google.com/functions/docs/troubleshooting for in-depth troubleshooting documentation.
[debug] [2023-10-17T17:51:19.384Z] Total Function Deployment time: 68590
[debug] [2023-10-17T17:51:19.384Z] 1 Functions Deployed
[debug] [2023-10-17T17:51:19.384Z] 1 Functions Errored
[debug] [2023-10-17T17:51:19.384Z] 0 Function Deployments Aborted
[debug] [2023-10-17T17:51:19.384Z] Average Function Deployment time: 68589
[info] 
[info] Functions deploy had errors with the following functions:
	app(us-central1)
[debug] [2023-10-17T17:51:19.588Z] Not printing URL for HTTPS function. Typically this means it didn't match a filter or we failed deployment
[info] i  functions: cleaning up build files... 
[debug] [2023-10-17T17:51:19.590Z] >>> [apiv2][query] DELETE https://artifactregistry.googleapis.com/v1beta2/projects/planavsky-com/locations/us-central1/repositories/gcf-artifacts/packages/app [none]
[debug] [2023-10-17T17:51:19.590Z] >>> [apiv2][query] GET https://us.gcr.io/v2/planavsky-com/gcf/us-central1/tags/list [none]
[debug] [2023-10-17T17:51:20.117Z] <<< [apiv2][status] GET https://us.gcr.io/v2/planavsky-com/gcf/us-central1/tags/list 200
[debug] [2023-10-17T17:51:20.117Z] <<< [apiv2][body] GET https://us.gcr.io/v2/planavsky-com/gcf/us-central1/tags/list {"child":[],"manifest":{},"name":"planavsky-com/gcf/us-central1","tags":[]}
[debug] [2023-10-17T17:51:20.117Z] Could not find image for function projects/planavsky-com/locations/us-central1/functions/app
[debug] [2023-10-17T17:51:20.136Z] <<< [apiv2][status] DELETE https://artifactregistry.googleapis.com/v1beta2/projects/planavsky-com/locations/us-central1/repositories/gcf-artifacts/packages/app 200
[debug] [2023-10-17T17:51:20.136Z] <<< [apiv2][body] DELETE https://artifactregistry.googleapis.com/v1beta2/projects/planavsky-com/locations/us-central1/repositories/gcf-artifacts/packages/app {"name":"projects/planavsky-com/locations/us-central1/operations/90ba06db-6cbb-474a-9bc4-7b7c26a779ff","metadata":{"@type":"type.googleapis.com/google.devtools.artifactregistry.v1beta2.OperationMetadata"}}
[debug] [2023-10-17T17:51:20.137Z] >>> [apiv2][query] GET https://artifactregistry.googleapis.com/v1beta2/projects/planavsky-com/locations/us-central1/operations/90ba06db-6cbb-474a-9bc4-7b7c26a779ff [none]
[debug] [2023-10-17T17:51:20.369Z] <<< [apiv2][status] GET https://artifactregistry.googleapis.com/v1beta2/projects/planavsky-com/locations/us-central1/operations/90ba06db-6cbb-474a-9bc4-7b7c26a779ff 200
[debug] [2023-10-17T17:51:20.369Z] <<< [apiv2][body] GET https://artifactregistry.googleapis.com/v1beta2/projects/planavsky-com/locations/us-central1/operations/90ba06db-6cbb-474a-9bc4-7b7c26a779ff {"name":"projects/planavsky-com/locations/us-central1/operations/90ba06db-6cbb-474a-9bc4-7b7c26a779ff","metadata":{"@type":"type.googleapis.com/google.devtools.artifactregistry.v1beta2.OperationMetadata"},"done":true,"response":{"@type":"type.googleapis.com/google.protobuf.Empty"}}
[debug] [2023-10-17T17:51:20.369Z] Functions deploy failed.
[debug] [2023-10-17T17:51:20.369Z] {
  "endpoint": {
    "id": "app",
    "project": "planavsky-com",
    "region": "us-central1",
    "entryPoint": "app",
    "platform": "gcfv1",
    "runtime": "nodejs18",
    "httpsTrigger": {},
    "ingressSettings": null,
    "availableMemoryMb": null,
    "serviceAccount": null,
    "timeoutSeconds": null,
    "maxInstances": null,
    "minInstances": null,
    "vpc": null,
    "environmentVariables": {
      "FIREBASE_CONFIG": "{\"projectId\":\"planavsky-com\",\"databaseURL\":\"https://planavsky-com.firebaseio.com\",\"storageBucket\":\"planavsky-com.appspot.com\",\"locationId\":\"us-east1\"}",
      "GCLOUD_PROJECT": "planavsky-com",
      "EVENTARC_CLOUD_EVENT_SOURCE": "projects/planavsky-com/locations/us-central1/functions/app"
    },
    "codebase": "default",
    "securityLevel": "SECURE_OPTIONAL",
    "targetedByOnly": false,
    "hash": "e01cffa756dd3531a7eca66bc9184aa6d8fa6a7b",
    "labels": {
      "deployment-tool": "cli-firebase"
    }
  },
  "op": "update",
  "original": {
    "name": "FirebaseError",
    "children": [],
    "exit": 1,
    "message": "Function failed on loading user code. This is likely due to a bug in the user code. Error message: Provided module can't be loaded.\nDid you list all required modules in the package.json dependencies?\nDetailed stack trace: Error: Cannot find module 'owasp-password-strength-test'\nRequire stack:\n- /workspace/lib/app/user.js\n- /workspace/lib/index.js\n- /layers/google.nodejs.functions-framework/functions-framework/node_modules/@google-cloud/functions-framework/build/src/loader.js\n- /layers/google.nodejs.functions-framework/functions-framework/node_modules/@google-cloud/functions-framework/build/src/main.js\n    at Module._resolveFilename (node:internal/modules/cjs/loader:1077:15)\n    at Module._load (node:internal/modules/cjs/loader:922:27)\n    at Module.require (node:internal/modules/cjs/loader:1143:19)\n    at require (node:internal/modules/cjs/helpers:119:18)\n    at Object.<anonymous> (/workspace/lib/app/user.js:5:40)\n    at Module._compile (node:internal/modules/cjs/loader:1256:14)\n    at Module._extensions..js (node:internal/modules/cjs/loader:1310:10)\n    at Module.load (node:internal/modules/cjs/loader:1119:32)\n    at Module._load (node:internal/modules/cjs/loader:960:12)\n    at Module.require (node:internal/modules/cjs/loader:1143:19)\nCould not load the function, shutting down.. Please visit https://cloud.google.com/functions/docs/troubleshooting for in-depth troubleshooting documentation.",
    "status": 3,
    "code": 3
  }
}
[debug] [2023-10-17T17:51:20.431Z] Error: Failed to update function app in region us-central1
    at /Users/anthonyplanavsky/.nvm/versions/node/v16.20.2/lib/node_modules/firebase-tools/lib/deploy/functions/release/fabricator.js:51:11
    at runMicrotasks (<anonymous>)
    at processTicksAndRejections (node:internal/process/task_queues:96:5)
    at async Fabricator.updateV1Function (/Users/anthonyplanavsky/.nvm/versions/node/v16.20.2/lib/node_modules/firebase-tools/lib/deploy/functions/release/fabricator.js:347:32)
    at async Fabricator.updateEndpoint (/Users/anthonyplanavsky/.nvm/versions/node/v16.20.2/lib/node_modules/firebase-tools/lib/deploy/functions/release/fabricator.js:151:13)
    at async handle (/Users/anthonyplanavsky/.nvm/versions/node/v16.20.2/lib/node_modules/firebase-tools/lib/deploy/functions/release/fabricator.js:88:17)
[error] 
[error] Error: There was an error deploying functions
