[debug] [2023-10-17T17:08:22.529Z] ----------------------------------------------------------------------
[debug] [2023-10-17T17:08:22.531Z] Command:       /Users/anthonyplanavsky/.nvm/versions/node/v16.20.2/bin/node /Users/anthonyplanavsky/.nvm/versions/node/v16.20.2/bin/firebase deploy
[debug] [2023-10-17T17:08:22.531Z] CLI Version:   12.7.0
[debug] [2023-10-17T17:08:22.532Z] Platform:      darwin
[debug] [2023-10-17T17:08:22.532Z] Node Version:  v16.20.2
[debug] [2023-10-17T17:08:22.533Z] Time:          Tue Oct 17 2023 13:08:22 GMT-0400 (Eastern Daylight Time)
[debug] [2023-10-17T17:08:22.533Z] ----------------------------------------------------------------------
[debug] 
[debug] [2023-10-17T17:08:22.593Z] > command requires scopes: ["email","openid","https://www.googleapis.com/auth/cloudplatformprojects.readonly","https://www.googleapis.com/auth/firebase","https://www.googleapis.com/auth/cloud-platform"]
[debug] [2023-10-17T17:08:22.593Z] > authorizing via signed-in user (planavsky82@gmail.com)
[debug] [2023-10-17T17:08:22.593Z] [iam] checking project planavsky-com for permissions ["cloudfunctions.functions.create","cloudfunctions.functions.delete","cloudfunctions.functions.get","cloudfunctions.functions.list","cloudfunctions.functions.update","cloudfunctions.operations.get","firebase.projects.get","firebasedatabase.instances.update"]
[debug] [2023-10-17T17:08:22.595Z] >>> [apiv2][query] POST https://cloudresourcemanager.googleapis.com/v1/projects/planavsky-com:testIamPermissions [none]
[debug] [2023-10-17T17:08:22.595Z] >>> [apiv2][(partial)header] POST https://cloudresourcemanager.googleapis.com/v1/projects/planavsky-com:testIamPermissions x-goog-quota-user=projects/planavsky-com
[debug] [2023-10-17T17:08:22.595Z] >>> [apiv2][body] POST https://cloudresourcemanager.googleapis.com/v1/projects/planavsky-com:testIamPermissions {"permissions":["cloudfunctions.functions.create","cloudfunctions.functions.delete","cloudfunctions.functions.get","cloudfunctions.functions.list","cloudfunctions.functions.update","cloudfunctions.operations.get","firebase.projects.get","firebasedatabase.instances.update"]}
[debug] [2023-10-17T17:08:22.738Z] <<< [apiv2][status] POST https://cloudresourcemanager.googleapis.com/v1/projects/planavsky-com:testIamPermissions 200
[debug] [2023-10-17T17:08:22.739Z] <<< [apiv2][body] POST https://cloudresourcemanager.googleapis.com/v1/projects/planavsky-com:testIamPermissions {"permissions":["cloudfunctions.functions.create","cloudfunctions.functions.delete","cloudfunctions.functions.get","cloudfunctions.functions.list","cloudfunctions.functions.update","cloudfunctions.operations.get","firebase.projects.get","firebasedatabase.instances.update"]}
[debug] [2023-10-17T17:08:22.739Z] >>> [apiv2][query] POST https://iam.googleapis.com/v1/projects/planavsky-com/serviceAccounts/planavsky-com@appspot.gserviceaccount.com:testIamPermissions [none]
[debug] [2023-10-17T17:08:22.739Z] >>> [apiv2][body] POST https://iam.googleapis.com/v1/projects/planavsky-com/serviceAccounts/planavsky-com@appspot.gserviceaccount.com:testIamPermissions {"permissions":["iam.serviceAccounts.actAs"]}
[debug] [2023-10-17T17:08:22.921Z] <<< [apiv2][status] POST https://iam.googleapis.com/v1/projects/planavsky-com/serviceAccounts/planavsky-com@appspot.gserviceaccount.com:testIamPermissions 200
[debug] [2023-10-17T17:08:22.922Z] <<< [apiv2][body] POST https://iam.googleapis.com/v1/projects/planavsky-com/serviceAccounts/planavsky-com@appspot.gserviceaccount.com:testIamPermissions {"permissions":["iam.serviceAccounts.actAs"]}
[debug] [2023-10-17T17:08:22.923Z] >>> [apiv2][query] GET https://firebase.googleapis.com/v1beta1/projects/planavsky-com [none]
[debug] [2023-10-17T17:08:23.248Z] <<< [apiv2][status] GET https://firebase.googleapis.com/v1beta1/projects/planavsky-com 200
[debug] [2023-10-17T17:08:23.248Z] <<< [apiv2][body] GET https://firebase.googleapis.com/v1beta1/projects/planavsky-com {"projectId":"planavsky-com","projectNumber":"737615407449","displayName":"planavsky-com","name":"projects/planavsky-com","resources":{"hostingSite":"planavsky-com","realtimeDatabaseInstance":"planavsky-com","storageBucket":"planavsky-com.appspot.com","locationId":"us-east1"},"state":"ACTIVE","etag":"1_027f6eb3-c627-478d-b672-0ff34a648caa"}
[info] 
[info] === Deploying to 'planavsky-com'...
[info] 
[info] i  deploying database, functions 
[info] Running command: npm --prefix "$RESOURCE_DIR" run build
[info] ✔  functions: Finished running predeploy script. 
[info] i  database: checking rules syntax... 
[debug] [2023-10-17T17:08:31.334Z] >>> [apiv2][query] GET https://firebasedatabase.googleapis.com/v1beta/projects/planavsky-com/locations/-/instances/planavsky-com [none]
[debug] [2023-10-17T17:08:31.729Z] <<< [apiv2][status] GET https://firebasedatabase.googleapis.com/v1beta/projects/planavsky-com/locations/-/instances/planavsky-com 200
[debug] [2023-10-17T17:08:31.729Z] <<< [apiv2][body] GET https://firebasedatabase.googleapis.com/v1beta/projects/planavsky-com/locations/-/instances/planavsky-com {"name":"projects/737615407449/locations/us-central1/instances/planavsky-com","project":"projects/737615407449","databaseUrl":"https://planavsky-com.firebaseio.com","type":"DEFAULT_DATABASE","state":"ACTIVE"}
[debug] [2023-10-17T17:08:31.731Z] >>> [apiv2][query] PUT https://planavsky-com.firebaseio.com/.settings/rules.json dryRun=true
[debug] [2023-10-17T17:08:31.732Z] >>> [apiv2][body] PUT https://planavsky-com.firebaseio.com/.settings/rules.json "{\n  /* Visit https://firebase.google.com/docs/database/security to learn more about security rules. */\n  \"rules\": {\n    \".read\": false,\n    \".write\": false\n  }\n}"
[debug] [2023-10-17T17:08:31.928Z] <<< [apiv2][status] PUT https://planavsky-com.firebaseio.com/.settings/rules.json 200
[debug] [2023-10-17T17:08:31.928Z] <<< [apiv2][body] PUT https://planavsky-com.firebaseio.com/.settings/rules.json {"status":"ok"}
[info] ✔  database: rules syntax for database planavsky-com is valid 
[debug] [2023-10-17T17:08:31.930Z] >>> [apiv2][query] GET https://firebase.googleapis.com/v1beta1/projects/planavsky-com [none]
[debug] [2023-10-17T17:08:32.248Z] <<< [apiv2][status] GET https://firebase.googleapis.com/v1beta1/projects/planavsky-com 200
[debug] [2023-10-17T17:08:32.248Z] <<< [apiv2][body] GET https://firebase.googleapis.com/v1beta1/projects/planavsky-com {"projectId":"planavsky-com","projectNumber":"737615407449","displayName":"planavsky-com","name":"projects/planavsky-com","resources":{"hostingSite":"planavsky-com","realtimeDatabaseInstance":"planavsky-com","storageBucket":"planavsky-com.appspot.com","locationId":"us-east1"},"state":"ACTIVE","etag":"1_027f6eb3-c627-478d-b672-0ff34a648caa"}
[info] i  functions: preparing codebase default for deployment 
[info] i  functions: ensuring required API cloudfunctions.googleapis.com is enabled... 
[info] i  functions: ensuring required API cloudbuild.googleapis.com is enabled... 
[info] i  artifactregistry: ensuring required API artifactregistry.googleapis.com is enabled... 
[debug] [2023-10-17T17:08:32.250Z] >>> [apiv2][query] GET https://serviceusage.googleapis.com/v1/projects/planavsky-com/services/cloudfunctions.googleapis.com [none]
[debug] [2023-10-17T17:08:32.250Z] >>> [apiv2][(partial)header] GET https://serviceusage.googleapis.com/v1/projects/planavsky-com/services/cloudfunctions.googleapis.com x-goog-quota-user=projects/planavsky-com
[debug] [2023-10-17T17:08:32.251Z] >>> [apiv2][query] GET https://serviceusage.googleapis.com/v1/projects/planavsky-com/services/runtimeconfig.googleapis.com [none]
[debug] [2023-10-17T17:08:32.251Z] >>> [apiv2][(partial)header] GET https://serviceusage.googleapis.com/v1/projects/planavsky-com/services/runtimeconfig.googleapis.com x-goog-quota-user=projects/planavsky-com
[debug] [2023-10-17T17:08:32.252Z] >>> [apiv2][query] GET https://serviceusage.googleapis.com/v1/projects/planavsky-com/services/cloudbuild.googleapis.com [none]
[debug] [2023-10-17T17:08:32.252Z] >>> [apiv2][(partial)header] GET https://serviceusage.googleapis.com/v1/projects/planavsky-com/services/cloudbuild.googleapis.com x-goog-quota-user=projects/planavsky-com
[debug] [2023-10-17T17:08:32.253Z] >>> [apiv2][query] GET https://serviceusage.googleapis.com/v1/projects/planavsky-com/services/artifactregistry.googleapis.com [none]
[debug] [2023-10-17T17:08:32.253Z] >>> [apiv2][(partial)header] GET https://serviceusage.googleapis.com/v1/projects/planavsky-com/services/artifactregistry.googleapis.com x-goog-quota-user=projects/planavsky-com
[debug] [2023-10-17T17:08:32.656Z] <<< [apiv2][status] GET https://serviceusage.googleapis.com/v1/projects/planavsky-com/services/runtimeconfig.googleapis.com 200
[debug] [2023-10-17T17:08:32.656Z] <<< [apiv2][body] GET https://serviceusage.googleapis.com/v1/projects/planavsky-com/services/runtimeconfig.googleapis.com [omitted]
[debug] [2023-10-17T17:08:32.658Z] <<< [apiv2][status] GET https://serviceusage.googleapis.com/v1/projects/planavsky-com/services/cloudbuild.googleapis.com 200
[debug] [2023-10-17T17:08:32.658Z] <<< [apiv2][body] GET https://serviceusage.googleapis.com/v1/projects/planavsky-com/services/cloudbuild.googleapis.com [omitted]
[info] ✔  functions: required API cloudbuild.googleapis.com is enabled 
[debug] [2023-10-17T17:08:32.658Z] <<< [apiv2][status] GET https://serviceusage.googleapis.com/v1/projects/planavsky-com/services/artifactregistry.googleapis.com 200
[debug] [2023-10-17T17:08:32.659Z] <<< [apiv2][body] GET https://serviceusage.googleapis.com/v1/projects/planavsky-com/services/artifactregistry.googleapis.com [omitted]
[warn] ⚠  artifactregistry: missing required API artifactregistry.googleapis.com. Enabling now... 
[debug] [2023-10-17T17:08:32.659Z] >>> [apiv2][query] POST https://serviceusage.googleapis.com/v1/projects/planavsky-com/services/artifactregistry.googleapis.com:enable [none]
[debug] [2023-10-17T17:08:32.659Z] >>> [apiv2][(partial)header] POST https://serviceusage.googleapis.com/v1/projects/planavsky-com/services/artifactregistry.googleapis.com:enable x-goog-quota-user=projects/planavsky-com
[debug] [2023-10-17T17:08:32.670Z] <<< [apiv2][status] GET https://serviceusage.googleapis.com/v1/projects/planavsky-com/services/cloudfunctions.googleapis.com 200
[debug] [2023-10-17T17:08:32.671Z] <<< [apiv2][body] GET https://serviceusage.googleapis.com/v1/projects/planavsky-com/services/cloudfunctions.googleapis.com [omitted]
[info] ✔  functions: required API cloudfunctions.googleapis.com is enabled 
[debug] [2023-10-17T17:08:33.777Z] <<< [apiv2][status] POST https://serviceusage.googleapis.com/v1/projects/planavsky-com/services/artifactregistry.googleapis.com:enable 200
[debug] [2023-10-17T17:08:33.778Z] <<< [apiv2][body] POST https://serviceusage.googleapis.com/v1/projects/planavsky-com/services/artifactregistry.googleapis.com:enable [omitted]
[debug] [2023-10-17T17:08:43.780Z] >>> [apiv2][query] GET https://serviceusage.googleapis.com/v1/projects/planavsky-com/services/artifactregistry.googleapis.com [none]
[debug] [2023-10-17T17:08:43.780Z] >>> [apiv2][(partial)header] GET https://serviceusage.googleapis.com/v1/projects/planavsky-com/services/artifactregistry.googleapis.com x-goog-quota-user=projects/planavsky-com
[debug] [2023-10-17T17:08:44.550Z] <<< [apiv2][status] GET https://serviceusage.googleapis.com/v1/projects/planavsky-com/services/artifactregistry.googleapis.com 200
[debug] [2023-10-17T17:08:44.550Z] <<< [apiv2][body] GET https://serviceusage.googleapis.com/v1/projects/planavsky-com/services/artifactregistry.googleapis.com [omitted]
[info] ✔  artifactregistry: required API artifactregistry.googleapis.com is enabled 
[debug] [2023-10-17T17:08:44.553Z] >>> [apiv2][query] GET https://firebase.googleapis.com/v1beta1/projects/planavsky-com/adminSdkConfig [none]
[debug] [2023-10-17T17:08:44.812Z] <<< [apiv2][status] GET https://firebase.googleapis.com/v1beta1/projects/planavsky-com/adminSdkConfig 200
[debug] [2023-10-17T17:08:44.812Z] <<< [apiv2][body] GET https://firebase.googleapis.com/v1beta1/projects/planavsky-com/adminSdkConfig {"projectId":"planavsky-com","databaseURL":"https://planavsky-com.firebaseio.com","storageBucket":"planavsky-com.appspot.com","locationId":"us-east1"}
[debug] [2023-10-17T17:08:44.812Z] >>> [apiv2][query] GET https://runtimeconfig.googleapis.com/v1beta1/projects/planavsky-com/configs [none]
[debug] [2023-10-17T17:08:45.069Z] <<< [apiv2][status] GET https://runtimeconfig.googleapis.com/v1beta1/projects/planavsky-com/configs 200
[debug] [2023-10-17T17:08:45.070Z] <<< [apiv2][body] GET https://runtimeconfig.googleapis.com/v1beta1/projects/planavsky-com/configs {}
[debug] [2023-10-17T17:08:45.071Z] Validating nodejs source
[debug] [2023-10-17T17:08:45.706Z] > [functions] package.json contents: {
  "name": "functions",
  "scripts": {
    "lint": "eslint --ext .js,.ts .",
    "build": "tsc",
    "build:watch": "tsc --watch",
    "serve": "npm run build && firebase emulators:start --only functions",
    "shell": "npm run build && firebase functions:shell",
    "start": "npm run shell",
    "deploy": "firebase deploy --only functions",
    "logs": "firebase functions:log"
  },
  "engines": {
    "node": "18"
  },
  "main": "lib/index.js",
  "dependencies": {
    "firebase-admin": "^11.8.0",
    "firebase-functions": "^4.3.1"
  },
  "devDependencies": {
    "@typescript-eslint/eslint-plugin": "^5.12.0",
    "@typescript-eslint/parser": "^5.12.0",
    "eslint": "^8.9.0",
    "eslint-config-google": "^0.14.0",
    "eslint-plugin-import": "^2.25.4",
    "firebase-functions-test": "^3.1.0",
    "typescript": "^4.9.0",
    "@types/bcrypt": "^3.0.0",
    "@types/cors": "^2.8.6",
    "@types/jsonwebtoken": "^8.3.8",
    "@types/lodash": "^4.14.149",
    "@types/owasp-password-strength-test": "^1.3.0",
    "bcrypt": "^4.0.1",
    "cors": "^2.8.5",
    "email-validator": "^2.0.4",
    "express": "^4.17.1",
    "jsonwebtoken": "^8.5.1",
    "lodash": "^4.17.15",
    "owasp-password-strength-test": "^1.3.0"
  },
  "private": true
}
[debug] [2023-10-17T17:08:45.706Z] Building nodejs source
[info] i  functions: Loading and analyzing source code for codebase default to determine what to deploy 
[debug] [2023-10-17T17:08:45.708Z] Could not find functions.yaml. Must use http discovery
[debug] [2023-10-17T17:08:45.719Z] Found firebase-functions binary at '/Users/anthonyplanavsky/Google Drive/app-development/planavsky-com-nx/functions/node_modules/.bin/firebase-functions'
[info] Serving at port 8161

[info] Listening to port: 3000

[debug] [2023-10-17T17:08:46.560Z] Got response from /__/functions.yaml {"endpoints":{"app":{"platform":"gcfv1","availableMemoryMb":null,"timeoutSeconds":null,"minInstances":null,"maxInstances":null,"ingressSettings":null,"serviceAccountEmail":null,"vpc":null,"httpsTrigger":{},"entryPoint":"app"}},"specVersion":"v1alpha1","requiredAPIs":[]}
[info] shutdown requested via /__/quitquitquit

[info] i  functions: preparing functions directory for uploading... 
[info] i  functions: packaged /Users/anthonyplanavsky/Google Drive/app-development/planavsky-com-nx/functions (194.9 KB) for uploading 
[debug] [2023-10-17T17:08:56.664Z] >>> [apiv2][query] GET https://cloudfunctions.googleapis.com/v1/projects/planavsky-com/locations/-/functions [none]
[debug] [2023-10-17T17:08:57.169Z] <<< [apiv2][status] GET https://cloudfunctions.googleapis.com/v1/projects/planavsky-com/locations/-/functions 200
[debug] [2023-10-17T17:08:57.169Z] <<< [apiv2][body] GET https://cloudfunctions.googleapis.com/v1/projects/planavsky-com/locations/-/functions {"functions":[{"name":"projects/planavsky-com/locations/us-central1/functions/app","httpsTrigger":{"url":"https://us-central1-planavsky-com.cloudfunctions.net/app","securityLevel":"SECURE_OPTIONAL"},"status":"ACTIVE","entryPoint":"app","timeout":"60s","availableMemoryMb":256,"serviceAccountEmail":"planavsky-com@appspot.gserviceaccount.com","updateTime":"2023-01-28T00:00:14.333Z","versionId":"489","labels":{"deployment-tool":"cli-firebase"},"sourceUploadUrl":"https://storage.googleapis.com/uploads-143443593293.us-central1.cloudfunctions.appspot.com/b8b1251d-dec0-43b5-8576-b43983e3d10d.zip","environmentVariables":{"FIREBASE_CONFIG":"{\"projectId\":\"planavsky-com\",\"databaseURL\":\"https://planavsky-com.firebaseio.com\",\"storageBucket\":\"planavsky-com.appspot.com\",\"locationId\":\"us-east1\"}","GCLOUD_PROJECT":"planavsky-com"},"runtime":"nodejs10","ingressSettings":"ALLOW_ALL","buildId":"6634c7ff-48d3-49c2-a02a-e78f2fd77f71","buildName":"projects/737615407449/locations/us-central1/builds/6634c7ff-48d3-49c2-a02a-e78f2fd77f71","dockerRegistry":"CONTAINER_REGISTRY"}]}
[debug] [2023-10-17T17:08:57.170Z] >>> [apiv2][query] GET https://cloudfunctions.googleapis.com/v2/projects/planavsky-com/locations/-/functions filter=environment%3D%22GEN_2%22
[debug] [2023-10-17T17:08:57.659Z] <<< [apiv2][status] GET https://cloudfunctions.googleapis.com/v2/projects/planavsky-com/locations/-/functions 200
[debug] [2023-10-17T17:08:57.659Z] <<< [apiv2][body] GET https://cloudfunctions.googleapis.com/v2/projects/planavsky-com/locations/-/functions {}
[debug] [2023-10-17T17:08:57.663Z] >>> [apiv2][query] GET https://firebase.googleapis.com/v1beta1/projects/planavsky-com [none]
[debug] [2023-10-17T17:08:57.947Z] <<< [apiv2][status] GET https://firebase.googleapis.com/v1beta1/projects/planavsky-com 200
[debug] [2023-10-17T17:08:57.947Z] <<< [apiv2][body] GET https://firebase.googleapis.com/v1beta1/projects/planavsky-com {"projectId":"planavsky-com","projectNumber":"737615407449","displayName":"planavsky-com","name":"projects/planavsky-com","resources":{"hostingSite":"planavsky-com","realtimeDatabaseInstance":"planavsky-com","storageBucket":"planavsky-com.appspot.com","locationId":"us-east1"},"state":"ACTIVE","etag":"1_027f6eb3-c627-478d-b672-0ff34a648caa"}
[debug] [2023-10-17T17:08:57.949Z] >>> [apiv2][query] POST https://cloudfunctions.googleapis.com/v1/projects/planavsky-com/locations/us-central1/functions:generateUploadUrl [none]
[debug] [2023-10-17T17:08:57.950Z] >>> [apiv2][body] POST https://cloudfunctions.googleapis.com/v1/projects/planavsky-com/locations/us-central1/functions:generateUploadUrl {}
[debug] [2023-10-17T17:08:58.590Z] <<< [apiv2][status] POST https://cloudfunctions.googleapis.com/v1/projects/planavsky-com/locations/us-central1/functions:generateUploadUrl 200
[debug] [2023-10-17T17:08:58.590Z] <<< [apiv2][body] POST https://cloudfunctions.googleapis.com/v1/projects/planavsky-com/locations/us-central1/functions:generateUploadUrl {"uploadUrl":"https://storage.googleapis.com/uploads-143443593293.us-central1.cloudfunctions.appspot.com/253150d6-778e-4be5-85cb-225c3c5601f5.zip?GoogleAccessId=service-737615407449@gcf-admin-robot.iam.gserviceaccount.com&Expires=1697564338&Signature=bldMx2vz%2BXZLijNhMgPhDeEuD2PZz1xUZ47GJferQsn0IeFdPPztncThoxzkqofAZFKjr1UkeHMk%2FUuPXEA1C7dVFX9coC02nXESjnlhNUWsckbPvix0G6Mf6M9vT0AW6NeBGV1%2B%2FaCfriFV3jZEoDaDGEOQ6Dzb%2FZIAcKSXKCvNNoCaG5Q19TYxKXtX3Gu7TpmrNd98gOpEFVnAF%2BePUOYc8wdWpbrpn4m38I37d%2B99xGWtr9xRz2gSAJAlPzQRL0I49JF0qtW4lbZNZyTNDCVwCF729%2FH87IiFNFTAJk5zdYOk66shNF45PY39WqQvijS03zMFBzKp%2BnZUmWgP6w%3D%3D"}
[debug] [2023-10-17T17:08:58.591Z] >>> [apiv2][query] PUT https://storage.googleapis.com/uploads-143443593293.us-central1.cloudfunctions.appspot.com/253150d6-778e-4be5-85cb-225c3c5601f5.zip GoogleAccessId=service-737615407449%40gcf-admin-robot.iam.gserviceaccount.com&Expires=1697564338&Signature=bldMx2vz%2BXZLijNhMgPhDeEuD2PZz1xUZ47GJferQsn0IeFdPPztncThoxzkqofAZFKjr1UkeHMk%2FUuPXEA1C7dVFX9coC02nXESjnlhNUWsckbPvix0G6Mf6M9vT0AW6NeBGV1%2B%2FaCfriFV3jZEoDaDGEOQ6Dzb%2FZIAcKSXKCvNNoCaG5Q19TYxKXtX3Gu7TpmrNd98gOpEFVnAF%2BePUOYc8wdWpbrpn4m38I37d%2B99xGWtr9xRz2gSAJAlPzQRL0I49JF0qtW4lbZNZyTNDCVwCF729%2FH87IiFNFTAJk5zdYOk66shNF45PY39WqQvijS03zMFBzKp%2BnZUmWgP6w%3D%3D
[debug] [2023-10-17T17:08:58.591Z] >>> [apiv2][body] PUT https://storage.googleapis.com/uploads-143443593293.us-central1.cloudfunctions.appspot.com/253150d6-778e-4be5-85cb-225c3c5601f5.zip [stream]
[debug] [2023-10-17T17:08:58.829Z] <<< [apiv2][status] PUT https://storage.googleapis.com/uploads-143443593293.us-central1.cloudfunctions.appspot.com/253150d6-778e-4be5-85cb-225c3c5601f5.zip 200
[debug] [2023-10-17T17:08:58.830Z] <<< [apiv2][body] PUT https://storage.googleapis.com/uploads-143443593293.us-central1.cloudfunctions.appspot.com/253150d6-778e-4be5-85cb-225c3c5601f5.zip [omitted]
[info] ✔  functions: functions folder uploaded successfully 
[info] i  database: releasing rules... 
[debug] [2023-10-17T17:08:58.830Z] >>> [apiv2][query] GET https://firebasedatabase.googleapis.com/v1beta/projects/planavsky-com/locations/-/instances/planavsky-com [none]
[debug] [2023-10-17T17:08:59.122Z] <<< [apiv2][status] GET https://firebasedatabase.googleapis.com/v1beta/projects/planavsky-com/locations/-/instances/planavsky-com 200
[debug] [2023-10-17T17:08:59.122Z] <<< [apiv2][body] GET https://firebasedatabase.googleapis.com/v1beta/projects/planavsky-com/locations/-/instances/planavsky-com {"name":"projects/737615407449/locations/us-central1/instances/planavsky-com","project":"projects/737615407449","databaseUrl":"https://planavsky-com.firebaseio.com","type":"DEFAULT_DATABASE","state":"ACTIVE"}
[debug] [2023-10-17T17:08:59.122Z] >>> [apiv2][query] PUT https://planavsky-com.firebaseio.com/.settings/rules.json 
[debug] [2023-10-17T17:08:59.122Z] >>> [apiv2][body] PUT https://planavsky-com.firebaseio.com/.settings/rules.json "{\n  /* Visit https://firebase.google.com/docs/database/security to learn more about security rules. */\n  \"rules\": {\n    \".read\": false,\n    \".write\": false\n  }\n}"
[debug] [2023-10-17T17:08:59.358Z] <<< [apiv2][status] PUT https://planavsky-com.firebaseio.com/.settings/rules.json 200
[debug] [2023-10-17T17:08:59.358Z] <<< [apiv2][body] PUT https://planavsky-com.firebaseio.com/.settings/rules.json {"status":"ok"}
[info] ✔  database: rules for database planavsky-com released successfully 
[info] i  functions: updating Node.js 18 (1st Gen) function app(us-central1)... 
[debug] [2023-10-17T17:08:59.363Z] >>> [apiv2][query] PATCH https://cloudfunctions.googleapis.com/v1/projects/planavsky-com/locations/us-central1/functions/app updateMask=name%2CsourceUploadUrl%2CentryPoint%2Cruntime%2CdockerRegistry%2Clabels%2ChttpsTrigger.securityLevel%2CminInstances%2CmaxInstances%2CingressSettings%2CenvironmentVariables%2CserviceAccountEmail%2CavailableMemoryMb%2Ctimeout%2CvpcConnector%2CvpcConnectorEgressSettings%2CsourceToken%2CbuildEnvironmentVariables
[debug] [2023-10-17T17:08:59.363Z] >>> [apiv2][body] PATCH https://cloudfunctions.googleapis.com/v1/projects/planavsky-com/locations/us-central1/functions/app {"name":"projects/planavsky-com/locations/us-central1/functions/app","sourceUploadUrl":"https://storage.googleapis.com/uploads-143443593293.us-central1.cloudfunctions.appspot.com/253150d6-778e-4be5-85cb-225c3c5601f5.zip?GoogleAccessId=service-737615407449@gcf-admin-robot.iam.gserviceaccount.com&Expires=1697564338&Signature=bldMx2vz%2BXZLijNhMgPhDeEuD2PZz1xUZ47GJferQsn0IeFdPPztncThoxzkqofAZFKjr1UkeHMk%2FUuPXEA1C7dVFX9coC02nXESjnlhNUWsckbPvix0G6Mf6M9vT0AW6NeBGV1%2B%2FaCfriFV3jZEoDaDGEOQ6Dzb%2FZIAcKSXKCvNNoCaG5Q19TYxKXtX3Gu7TpmrNd98gOpEFVnAF%2BePUOYc8wdWpbrpn4m38I37d%2B99xGWtr9xRz2gSAJAlPzQRL0I49JF0qtW4lbZNZyTNDCVwCF729%2FH87IiFNFTAJk5zdYOk66shNF45PY39WqQvijS03zMFBzKp%2BnZUmWgP6w%3D%3D","entryPoint":"app","runtime":"nodejs18","dockerRegistry":"ARTIFACT_REGISTRY","labels":{"deployment-tool":"cli-firebase","firebase-functions-hash":"14c8ba28afca5d591908fb58580d6f947fffd01c"},"httpsTrigger":{"securityLevel":"SECURE_OPTIONAL"},"minInstances":null,"maxInstances":null,"ingressSettings":null,"environmentVariables":{"FIREBASE_CONFIG":"{\"projectId\":\"planavsky-com\",\"databaseURL\":\"https://planavsky-com.firebaseio.com\",\"storageBucket\":\"planavsky-com.appspot.com\",\"locationId\":\"us-east1\"}","GCLOUD_PROJECT":"planavsky-com","EVENTARC_CLOUD_EVENT_SOURCE":"projects/planavsky-com/locations/us-central1/functions/app"},"serviceAccountEmail":null,"availableMemoryMb":null,"timeout":null,"vpcConnector":null,"vpcConnectorEgressSettings":null,"buildEnvironmentVariables":{"GOOGLE_NODE_RUN_SCRIPTS":""}}
[debug] [2023-10-17T17:09:00.055Z] <<< [apiv2][status] PATCH https://cloudfunctions.googleapis.com/v1/projects/planavsky-com/locations/us-central1/functions/app 200
[debug] [2023-10-17T17:09:00.055Z] <<< [apiv2][body] PATCH https://cloudfunctions.googleapis.com/v1/projects/planavsky-com/locations/us-central1/functions/app {"name":"operations/cGxhbmF2c2t5LWNvbS91cy1jZW50cmFsMS9hcHAvdS1rU0tvOUZRek0","metadata":{"@type":"type.googleapis.com/google.cloud.functions.v1.OperationMetadataV1","target":"projects/planavsky-com/locations/us-central1/functions/app","type":"UPDATE_FUNCTION","request":{"@type":"type.googleapis.com/google.cloud.functions.v1.CloudFunction","name":"projects/planavsky-com/locations/us-central1/functions/app","httpsTrigger":{"url":"https://us-central1-planavsky-com.cloudfunctions.net/app","securityLevel":"SECURE_OPTIONAL"},"status":"ACTIVE","entryPoint":"app","updateTime":"2023-01-28T00:00:14.333Z","versionId":"489","labels":{"deployment-tool":"cli-firebase","firebase-functions-hash":"14c8ba28afca5d591908fb58580d6f947fffd01c"},"sourceUploadUrl":"https://storage.googleapis.com/uploads-143443593293.us-central1.cloudfunctions.appspot.com/253150d6-778e-4be5-85cb-225c3c5601f5.zip?GoogleAccessId=service-737615407449@gcf-admin-robot.iam.gserviceaccount.com&Expires=1697564338&Signature=bldMx2vz%2BXZLijNhMgPhDeEuD2PZz1xUZ47GJferQsn0IeFdPPztncThoxzkqofAZFKjr1UkeHMk%2FUuPXEA1C7dVFX9coC02nXESjnlhNUWsckbPvix0G6Mf6M9vT0AW6NeBGV1%2B%2FaCfriFV3jZEoDaDGEOQ6Dzb%2FZIAcKSXKCvNNoCaG5Q19TYxKXtX3Gu7TpmrNd98gOpEFVnAF%2BePUOYc8wdWpbrpn4m38I37d%2B99xGWtr9xRz2gSAJAlPzQRL0I49JF0qtW4lbZNZyTNDCVwCF729%2FH87IiFNFTAJk5zdYOk66shNF45PY39WqQvijS03zMFBzKp%2BnZUmWgP6w%3D%3D","environmentVariables":{"FIREBASE_CONFIG":"{\"projectId\":\"planavsky-com\",\"databaseURL\":\"https://planavsky-com.firebaseio.com\",\"storageBucket\":\"planavsky-com.appspot.com\",\"locationId\":\"us-east1\"}","GCLOUD_PROJECT":"planavsky-com","EVENTARC_CLOUD_EVENT_SOURCE":"projects/planavsky-com/locations/us-central1/functions/app"},"runtime":"nodejs18","buildId":"6634c7ff-48d3-49c2-a02a-e78f2fd77f71","buildEnvironmentVariables":{"GOOGLE_NODE_RUN_SCRIPTS":""},"buildName":"projects/737615407449/locations/us-central1/builds/6634c7ff-48d3-49c2-a02a-e78f2fd77f71","dockerRegistry":"ARTIFACT_REGISTRY"},"versionId":"490","updateTime":"2023-10-17T17:09:00Z"}}
[debug] [2023-10-17T17:09:00.056Z] >>> [apiv2][query] GET https://cloudfunctions.googleapis.com/v1/operations/cGxhbmF2c2t5LWNvbS91cy1jZW50cmFsMS9hcHAvdS1rU0tvOUZRek0 [none]
[debug] [2023-10-17T17:09:00.214Z] <<< [apiv2][status] GET https://cloudfunctions.googleapis.com/v1/operations/cGxhbmF2c2t5LWNvbS91cy1jZW50cmFsMS9hcHAvdS1rU0tvOUZRek0 200
[debug] [2023-10-17T17:09:00.214Z] <<< [apiv2][body] GET https://cloudfunctions.googleapis.com/v1/operations/cGxhbmF2c2t5LWNvbS91cy1jZW50cmFsMS9hcHAvdS1rU0tvOUZRek0 {"name":"operations/cGxhbmF2c2t5LWNvbS91cy1jZW50cmFsMS9hcHAvdS1rU0tvOUZRek0","metadata":{"@type":"type.googleapis.com/google.cloud.functions.v1.OperationMetadataV1","target":"projects/planavsky-com/locations/us-central1/functions/app","type":"UPDATE_FUNCTION","request":{"@type":"type.googleapis.com/google.cloud.functions.v1.CloudFunction","name":"projects/planavsky-com/locations/us-central1/functions/app","httpsTrigger":{"url":"https://us-central1-planavsky-com.cloudfunctions.net/app","securityLevel":"SECURE_OPTIONAL"},"status":"ACTIVE","entryPoint":"app","updateTime":"2023-01-28T00:00:14.333Z","versionId":"489","labels":{"deployment-tool":"cli-firebase","firebase-functions-hash":"14c8ba28afca5d591908fb58580d6f947fffd01c"},"sourceUploadUrl":"https://storage.googleapis.com/uploads-143443593293.us-central1.cloudfunctions.appspot.com/253150d6-778e-4be5-85cb-225c3c5601f5.zip?GoogleAccessId=service-737615407449@gcf-admin-robot.iam.gserviceaccount.com&Expires=1697564338&Signature=bldMx2vz%2BXZLijNhMgPhDeEuD2PZz1xUZ47GJferQsn0IeFdPPztncThoxzkqofAZFKjr1UkeHMk%2FUuPXEA1C7dVFX9coC02nXESjnlhNUWsckbPvix0G6Mf6M9vT0AW6NeBGV1%2B%2FaCfriFV3jZEoDaDGEOQ6Dzb%2FZIAcKSXKCvNNoCaG5Q19TYxKXtX3Gu7TpmrNd98gOpEFVnAF%2BePUOYc8wdWpbrpn4m38I37d%2B99xGWtr9xRz2gSAJAlPzQRL0I49JF0qtW4lbZNZyTNDCVwCF729%2FH87IiFNFTAJk5zdYOk66shNF45PY39WqQvijS03zMFBzKp%2BnZUmWgP6w%3D%3D","environmentVariables":{"FIREBASE_CONFIG":"{\"projectId\":\"planavsky-com\",\"databaseURL\":\"https://planavsky-com.firebaseio.com\",\"storageBucket\":\"planavsky-com.appspot.com\",\"locationId\":\"us-east1\"}","GCLOUD_PROJECT":"planavsky-com","EVENTARC_CLOUD_EVENT_SOURCE":"projects/planavsky-com/locations/us-central1/functions/app"},"runtime":"nodejs18","buildId":"6634c7ff-48d3-49c2-a02a-e78f2fd77f71","buildEnvironmentVariables":{"GOOGLE_NODE_RUN_SCRIPTS":""},"buildName":"projects/737615407449/locations/us-central1/builds/6634c7ff-48d3-49c2-a02a-e78f2fd77f71","dockerRegistry":"ARTIFACT_REGISTRY"},"versionId":"490","updateTime":"2023-10-17T17:09:00Z"}}
[debug] [2023-10-17T17:09:00.715Z] [update-default-us-central1-app] Retrying task index 0
[debug] [2023-10-17T17:09:00.716Z] >>> [apiv2][query] GET https://cloudfunctions.googleapis.com/v1/operations/cGxhbmF2c2t5LWNvbS91cy1jZW50cmFsMS9hcHAvdS1rU0tvOUZRek0 [none]
[debug] [2023-10-17T17:09:00.885Z] <<< [apiv2][status] GET https://cloudfunctions.googleapis.com/v1/operations/cGxhbmF2c2t5LWNvbS91cy1jZW50cmFsMS9hcHAvdS1rU0tvOUZRek0 200
[debug] [2023-10-17T17:09:00.885Z] <<< [apiv2][body] GET https://cloudfunctions.googleapis.com/v1/operations/cGxhbmF2c2t5LWNvbS91cy1jZW50cmFsMS9hcHAvdS1rU0tvOUZRek0 {"name":"operations/cGxhbmF2c2t5LWNvbS91cy1jZW50cmFsMS9hcHAvdS1rU0tvOUZRek0","metadata":{"@type":"type.googleapis.com/google.cloud.functions.v1.OperationMetadataV1","target":"projects/planavsky-com/locations/us-central1/functions/app","type":"UPDATE_FUNCTION","request":{"@type":"type.googleapis.com/google.cloud.functions.v1.CloudFunction","name":"projects/planavsky-com/locations/us-central1/functions/app","httpsTrigger":{"url":"https://us-central1-planavsky-com.cloudfunctions.net/app","securityLevel":"SECURE_OPTIONAL"},"status":"ACTIVE","entryPoint":"app","updateTime":"2023-01-28T00:00:14.333Z","versionId":"489","labels":{"deployment-tool":"cli-firebase","firebase-functions-hash":"14c8ba28afca5d591908fb58580d6f947fffd01c"},"sourceUploadUrl":"https://storage.googleapis.com/uploads-143443593293.us-central1.cloudfunctions.appspot.com/253150d6-778e-4be5-85cb-225c3c5601f5.zip?GoogleAccessId=service-737615407449@gcf-admin-robot.iam.gserviceaccount.com&Expires=1697564338&Signature=bldMx2vz%2BXZLijNhMgPhDeEuD2PZz1xUZ47GJferQsn0IeFdPPztncThoxzkqofAZFKjr1UkeHMk%2FUuPXEA1C7dVFX9coC02nXESjnlhNUWsckbPvix0G6Mf6M9vT0AW6NeBGV1%2B%2FaCfriFV3jZEoDaDGEOQ6Dzb%2FZIAcKSXKCvNNoCaG5Q19TYxKXtX3Gu7TpmrNd98gOpEFVnAF%2BePUOYc8wdWpbrpn4m38I37d%2B99xGWtr9xRz2gSAJAlPzQRL0I49JF0qtW4lbZNZyTNDCVwCF729%2FH87IiFNFTAJk5zdYOk66shNF45PY39WqQvijS03zMFBzKp%2BnZUmWgP6w%3D%3D","environmentVariables":{"FIREBASE_CONFIG":"{\"projectId\":\"planavsky-com\",\"databaseURL\":\"https://planavsky-com.firebaseio.com\",\"storageBucket\":\"planavsky-com.appspot.com\",\"locationId\":\"us-east1\"}","GCLOUD_PROJECT":"planavsky-com","EVENTARC_CLOUD_EVENT_SOURCE":"projects/planavsky-com/locations/us-central1/functions/app"},"runtime":"nodejs18","buildId":"6634c7ff-48d3-49c2-a02a-e78f2fd77f71","buildEnvironmentVariables":{"GOOGLE_NODE_RUN_SCRIPTS":""},"buildName":"projects/737615407449/locations/us-central1/builds/6634c7ff-48d3-49c2-a02a-e78f2fd77f71","dockerRegistry":"ARTIFACT_REGISTRY"},"versionId":"490","updateTime":"2023-10-17T17:09:00Z"}}
[debug] [2023-10-17T17:09:01.886Z] [update-default-us-central1-app] Retrying task index 0
[debug] [2023-10-17T17:09:01.887Z] >>> [apiv2][query] GET https://cloudfunctions.googleapis.com/v1/operations/cGxhbmF2c2t5LWNvbS91cy1jZW50cmFsMS9hcHAvdS1rU0tvOUZRek0 [none]
[debug] [2023-10-17T17:09:03.139Z] <<< [apiv2][status] GET https://cloudfunctions.googleapis.com/v1/operations/cGxhbmF2c2t5LWNvbS91cy1jZW50cmFsMS9hcHAvdS1rU0tvOUZRek0 200
[debug] [2023-10-17T17:09:03.140Z] <<< [apiv2][body] GET https://cloudfunctions.googleapis.com/v1/operations/cGxhbmF2c2t5LWNvbS91cy1jZW50cmFsMS9hcHAvdS1rU0tvOUZRek0 {"name":"operations/cGxhbmF2c2t5LWNvbS91cy1jZW50cmFsMS9hcHAvdS1rU0tvOUZRek0","metadata":{"@type":"type.googleapis.com/google.cloud.functions.v1.OperationMetadataV1","target":"projects/planavsky-com/locations/us-central1/functions/app","type":"UPDATE_FUNCTION","request":{"@type":"type.googleapis.com/google.cloud.functions.v1.CloudFunction","name":"projects/planavsky-com/locations/us-central1/functions/app","httpsTrigger":{"url":"https://us-central1-planavsky-com.cloudfunctions.net/app","securityLevel":"SECURE_OPTIONAL"},"status":"ACTIVE","entryPoint":"app","updateTime":"2023-01-28T00:00:14.333Z","versionId":"489","labels":{"deployment-tool":"cli-firebase","firebase-functions-hash":"14c8ba28afca5d591908fb58580d6f947fffd01c"},"sourceUploadUrl":"https://storage.googleapis.com/uploads-143443593293.us-central1.cloudfunctions.appspot.com/253150d6-778e-4be5-85cb-225c3c5601f5.zip?GoogleAccessId=service-737615407449@gcf-admin-robot.iam.gserviceaccount.com&Expires=1697564338&Signature=bldMx2vz%2BXZLijNhMgPhDeEuD2PZz1xUZ47GJferQsn0IeFdPPztncThoxzkqofAZFKjr1UkeHMk%2FUuPXEA1C7dVFX9coC02nXESjnlhNUWsckbPvix0G6Mf6M9vT0AW6NeBGV1%2B%2FaCfriFV3jZEoDaDGEOQ6Dzb%2FZIAcKSXKCvNNoCaG5Q19TYxKXtX3Gu7TpmrNd98gOpEFVnAF%2BePUOYc8wdWpbrpn4m38I37d%2B99xGWtr9xRz2gSAJAlPzQRL0I49JF0qtW4lbZNZyTNDCVwCF729%2FH87IiFNFTAJk5zdYOk66shNF45PY39WqQvijS03zMFBzKp%2BnZUmWgP6w%3D%3D","environmentVariables":{"FIREBASE_CONFIG":"{\"projectId\":\"planavsky-com\",\"databaseURL\":\"https://planavsky-com.firebaseio.com\",\"storageBucket\":\"planavsky-com.appspot.com\",\"locationId\":\"us-east1\"}","GCLOUD_PROJECT":"planavsky-com","EVENTARC_CLOUD_EVENT_SOURCE":"projects/planavsky-com/locations/us-central1/functions/app"},"runtime":"nodejs18","buildId":"6634c7ff-48d3-49c2-a02a-e78f2fd77f71","buildEnvironmentVariables":{"GOOGLE_NODE_RUN_SCRIPTS":""},"buildName":"projects/737615407449/locations/us-central1/builds/6634c7ff-48d3-49c2-a02a-e78f2fd77f71","dockerRegistry":"ARTIFACT_REGISTRY"},"versionId":"490","updateTime":"2023-10-17T17:09:00Z"}}
[debug] [2023-10-17T17:09:05.141Z] [update-default-us-central1-app] Retrying task index 0
[debug] [2023-10-17T17:09:05.141Z] >>> [apiv2][query] GET https://cloudfunctions.googleapis.com/v1/operations/cGxhbmF2c2t5LWNvbS91cy1jZW50cmFsMS9hcHAvdS1rU0tvOUZRek0 [none]
[debug] [2023-10-17T17:09:05.295Z] <<< [apiv2][status] GET https://cloudfunctions.googleapis.com/v1/operations/cGxhbmF2c2t5LWNvbS91cy1jZW50cmFsMS9hcHAvdS1rU0tvOUZRek0 200
[debug] [2023-10-17T17:09:05.296Z] <<< [apiv2][body] GET https://cloudfunctions.googleapis.com/v1/operations/cGxhbmF2c2t5LWNvbS91cy1jZW50cmFsMS9hcHAvdS1rU0tvOUZRek0 {"name":"operations/cGxhbmF2c2t5LWNvbS91cy1jZW50cmFsMS9hcHAvdS1rU0tvOUZRek0","metadata":{"@type":"type.googleapis.com/google.cloud.functions.v1.OperationMetadataV1","target":"projects/planavsky-com/locations/us-central1/functions/app","type":"UPDATE_FUNCTION","request":{"@type":"type.googleapis.com/google.cloud.functions.v1.CloudFunction","name":"projects/planavsky-com/locations/us-central1/functions/app","httpsTrigger":{"url":"https://us-central1-planavsky-com.cloudfunctions.net/app","securityLevel":"SECURE_OPTIONAL"},"status":"ACTIVE","entryPoint":"app","updateTime":"2023-01-28T00:00:14.333Z","versionId":"489","labels":{"deployment-tool":"cli-firebase","firebase-functions-hash":"14c8ba28afca5d591908fb58580d6f947fffd01c"},"sourceUploadUrl":"https://storage.googleapis.com/uploads-143443593293.us-central1.cloudfunctions.appspot.com/253150d6-778e-4be5-85cb-225c3c5601f5.zip?GoogleAccessId=service-737615407449@gcf-admin-robot.iam.gserviceaccount.com&Expires=1697564338&Signature=bldMx2vz%2BXZLijNhMgPhDeEuD2PZz1xUZ47GJferQsn0IeFdPPztncThoxzkqofAZFKjr1UkeHMk%2FUuPXEA1C7dVFX9coC02nXESjnlhNUWsckbPvix0G6Mf6M9vT0AW6NeBGV1%2B%2FaCfriFV3jZEoDaDGEOQ6Dzb%2FZIAcKSXKCvNNoCaG5Q19TYxKXtX3Gu7TpmrNd98gOpEFVnAF%2BePUOYc8wdWpbrpn4m38I37d%2B99xGWtr9xRz2gSAJAlPzQRL0I49JF0qtW4lbZNZyTNDCVwCF729%2FH87IiFNFTAJk5zdYOk66shNF45PY39WqQvijS03zMFBzKp%2BnZUmWgP6w%3D%3D","environmentVariables":{"FIREBASE_CONFIG":"{\"projectId\":\"planavsky-com\",\"databaseURL\":\"https://planavsky-com.firebaseio.com\",\"storageBucket\":\"planavsky-com.appspot.com\",\"locationId\":\"us-east1\"}","GCLOUD_PROJECT":"planavsky-com","EVENTARC_CLOUD_EVENT_SOURCE":"projects/planavsky-com/locations/us-central1/functions/app"},"runtime":"nodejs18","buildId":"6634c7ff-48d3-49c2-a02a-e78f2fd77f71","buildEnvironmentVariables":{"GOOGLE_NODE_RUN_SCRIPTS":""},"buildName":"projects/737615407449/locations/us-central1/builds/6634c7ff-48d3-49c2-a02a-e78f2fd77f71","dockerRegistry":"ARTIFACT_REGISTRY"},"versionId":"490","updateTime":"2023-10-17T17:09:00Z"}}
[debug] [2023-10-17T17:09:09.297Z] [update-default-us-central1-app] Retrying task index 0
[debug] [2023-10-17T17:09:09.297Z] >>> [apiv2][query] GET https://cloudfunctions.googleapis.com/v1/operations/cGxhbmF2c2t5LWNvbS91cy1jZW50cmFsMS9hcHAvdS1rU0tvOUZRek0 [none]
[debug] [2023-10-17T17:09:09.508Z] <<< [apiv2][status] GET https://cloudfunctions.googleapis.com/v1/operations/cGxhbmF2c2t5LWNvbS91cy1jZW50cmFsMS9hcHAvdS1rU0tvOUZRek0 200
[debug] [2023-10-17T17:09:09.509Z] <<< [apiv2][body] GET https://cloudfunctions.googleapis.com/v1/operations/cGxhbmF2c2t5LWNvbS91cy1jZW50cmFsMS9hcHAvdS1rU0tvOUZRek0 {"name":"operations/cGxhbmF2c2t5LWNvbS91cy1jZW50cmFsMS9hcHAvdS1rU0tvOUZRek0","metadata":{"@type":"type.googleapis.com/google.cloud.functions.v1.OperationMetadataV1","target":"projects/planavsky-com/locations/us-central1/functions/app","type":"UPDATE_FUNCTION","request":{"@type":"type.googleapis.com/google.cloud.functions.v1.CloudFunction","name":"projects/planavsky-com/locations/us-central1/functions/app","httpsTrigger":{"url":"https://us-central1-planavsky-com.cloudfunctions.net/app","securityLevel":"SECURE_OPTIONAL"},"status":"ACTIVE","entryPoint":"app","updateTime":"2023-01-28T00:00:14.333Z","versionId":"489","labels":{"deployment-tool":"cli-firebase","firebase-functions-hash":"14c8ba28afca5d591908fb58580d6f947fffd01c"},"sourceUploadUrl":"https://storage.googleapis.com/uploads-143443593293.us-central1.cloudfunctions.appspot.com/253150d6-778e-4be5-85cb-225c3c5601f5.zip?GoogleAccessId=service-737615407449@gcf-admin-robot.iam.gserviceaccount.com&Expires=1697564338&Signature=bldMx2vz%2BXZLijNhMgPhDeEuD2PZz1xUZ47GJferQsn0IeFdPPztncThoxzkqofAZFKjr1UkeHMk%2FUuPXEA1C7dVFX9coC02nXESjnlhNUWsckbPvix0G6Mf6M9vT0AW6NeBGV1%2B%2FaCfriFV3jZEoDaDGEOQ6Dzb%2FZIAcKSXKCvNNoCaG5Q19TYxKXtX3Gu7TpmrNd98gOpEFVnAF%2BePUOYc8wdWpbrpn4m38I37d%2B99xGWtr9xRz2gSAJAlPzQRL0I49JF0qtW4lbZNZyTNDCVwCF729%2FH87IiFNFTAJk5zdYOk66shNF45PY39WqQvijS03zMFBzKp%2BnZUmWgP6w%3D%3D","environmentVariables":{"FIREBASE_CONFIG":"{\"projectId\":\"planavsky-com\",\"databaseURL\":\"https://planavsky-com.firebaseio.com\",\"storageBucket\":\"planavsky-com.appspot.com\",\"locationId\":\"us-east1\"}","GCLOUD_PROJECT":"planavsky-com","EVENTARC_CLOUD_EVENT_SOURCE":"projects/planavsky-com/locations/us-central1/functions/app"},"runtime":"nodejs18","buildId":"6634c7ff-48d3-49c2-a02a-e78f2fd77f71","buildEnvironmentVariables":{"GOOGLE_NODE_RUN_SCRIPTS":""},"buildName":"projects/737615407449/locations/us-central1/builds/6634c7ff-48d3-49c2-a02a-e78f2fd77f71","dockerRegistry":"ARTIFACT_REGISTRY"},"versionId":"490","updateTime":"2023-10-17T17:09:00Z"}}
[debug] [2023-10-17T17:09:17.509Z] [update-default-us-central1-app] Retrying task index 0
[debug] [2023-10-17T17:09:17.509Z] >>> [apiv2][query] GET https://cloudfunctions.googleapis.com/v1/operations/cGxhbmF2c2t5LWNvbS91cy1jZW50cmFsMS9hcHAvdS1rU0tvOUZRek0 [none]
[debug] [2023-10-17T17:09:18.010Z] <<< [apiv2][status] GET https://cloudfunctions.googleapis.com/v1/operations/cGxhbmF2c2t5LWNvbS91cy1jZW50cmFsMS9hcHAvdS1rU0tvOUZRek0 200
[debug] [2023-10-17T17:09:18.010Z] <<< [apiv2][body] GET https://cloudfunctions.googleapis.com/v1/operations/cGxhbmF2c2t5LWNvbS91cy1jZW50cmFsMS9hcHAvdS1rU0tvOUZRek0 {"name":"operations/cGxhbmF2c2t5LWNvbS91cy1jZW50cmFsMS9hcHAvdS1rU0tvOUZRek0","metadata":{"@type":"type.googleapis.com/google.cloud.functions.v1.OperationMetadataV1","target":"projects/planavsky-com/locations/us-central1/functions/app","type":"UPDATE_FUNCTION","request":{"@type":"type.googleapis.com/google.cloud.functions.v1.CloudFunction","name":"projects/planavsky-com/locations/us-central1/functions/app","httpsTrigger":{"url":"https://us-central1-planavsky-com.cloudfunctions.net/app","securityLevel":"SECURE_OPTIONAL"},"status":"ACTIVE","entryPoint":"app","updateTime":"2023-01-28T00:00:14.333Z","versionId":"489","labels":{"deployment-tool":"cli-firebase","firebase-functions-hash":"14c8ba28afca5d591908fb58580d6f947fffd01c"},"sourceUploadUrl":"https://storage.googleapis.com/uploads-143443593293.us-central1.cloudfunctions.appspot.com/253150d6-778e-4be5-85cb-225c3c5601f5.zip?GoogleAccessId=service-737615407449@gcf-admin-robot.iam.gserviceaccount.com&Expires=1697564338&Signature=bldMx2vz%2BXZLijNhMgPhDeEuD2PZz1xUZ47GJferQsn0IeFdPPztncThoxzkqofAZFKjr1UkeHMk%2FUuPXEA1C7dVFX9coC02nXESjnlhNUWsckbPvix0G6Mf6M9vT0AW6NeBGV1%2B%2FaCfriFV3jZEoDaDGEOQ6Dzb%2FZIAcKSXKCvNNoCaG5Q19TYxKXtX3Gu7TpmrNd98gOpEFVnAF%2BePUOYc8wdWpbrpn4m38I37d%2B99xGWtr9xRz2gSAJAlPzQRL0I49JF0qtW4lbZNZyTNDCVwCF729%2FH87IiFNFTAJk5zdYOk66shNF45PY39WqQvijS03zMFBzKp%2BnZUmWgP6w%3D%3D","environmentVariables":{"FIREBASE_CONFIG":"{\"projectId\":\"planavsky-com\",\"databaseURL\":\"https://planavsky-com.firebaseio.com\",\"storageBucket\":\"planavsky-com.appspot.com\",\"locationId\":\"us-east1\"}","GCLOUD_PROJECT":"planavsky-com","EVENTARC_CLOUD_EVENT_SOURCE":"projects/planavsky-com/locations/us-central1/functions/app"},"runtime":"nodejs18","buildId":"6634c7ff-48d3-49c2-a02a-e78f2fd77f71","buildEnvironmentVariables":{"GOOGLE_NODE_RUN_SCRIPTS":""},"buildName":"projects/737615407449/locations/us-central1/builds/6634c7ff-48d3-49c2-a02a-e78f2fd77f71","dockerRegistry":"ARTIFACT_REGISTRY"},"versionId":"490","updateTime":"2023-10-17T17:09:00Z","buildId":"993177aa-b880-40ef-9b8c-57eb8b381302","buildName":"projects/737615407449/locations/us-central1/builds/993177aa-b880-40ef-9b8c-57eb8b381302"}}
[debug] [2023-10-17T17:09:28.012Z] [update-default-us-central1-app] Retrying task index 0
[debug] [2023-10-17T17:09:28.012Z] >>> [apiv2][query] GET https://cloudfunctions.googleapis.com/v1/operations/cGxhbmF2c2t5LWNvbS91cy1jZW50cmFsMS9hcHAvdS1rU0tvOUZRek0 [none]
[debug] [2023-10-17T17:09:28.166Z] <<< [apiv2][status] GET https://cloudfunctions.googleapis.com/v1/operations/cGxhbmF2c2t5LWNvbS91cy1jZW50cmFsMS9hcHAvdS1rU0tvOUZRek0 200
[debug] [2023-10-17T17:09:28.167Z] <<< [apiv2][body] GET https://cloudfunctions.googleapis.com/v1/operations/cGxhbmF2c2t5LWNvbS91cy1jZW50cmFsMS9hcHAvdS1rU0tvOUZRek0 {"name":"operations/cGxhbmF2c2t5LWNvbS91cy1jZW50cmFsMS9hcHAvdS1rU0tvOUZRek0","metadata":{"@type":"type.googleapis.com/google.cloud.functions.v1.OperationMetadataV1","target":"projects/planavsky-com/locations/us-central1/functions/app","type":"UPDATE_FUNCTION","request":{"@type":"type.googleapis.com/google.cloud.functions.v1.CloudFunction","name":"projects/planavsky-com/locations/us-central1/functions/app","httpsTrigger":{"url":"https://us-central1-planavsky-com.cloudfunctions.net/app","securityLevel":"SECURE_OPTIONAL"},"status":"ACTIVE","entryPoint":"app","updateTime":"2023-01-28T00:00:14.333Z","versionId":"489","labels":{"deployment-tool":"cli-firebase","firebase-functions-hash":"14c8ba28afca5d591908fb58580d6f947fffd01c"},"sourceUploadUrl":"https://storage.googleapis.com/uploads-143443593293.us-central1.cloudfunctions.appspot.com/253150d6-778e-4be5-85cb-225c3c5601f5.zip?GoogleAccessId=service-737615407449@gcf-admin-robot.iam.gserviceaccount.com&Expires=1697564338&Signature=bldMx2vz%2BXZLijNhMgPhDeEuD2PZz1xUZ47GJferQsn0IeFdPPztncThoxzkqofAZFKjr1UkeHMk%2FUuPXEA1C7dVFX9coC02nXESjnlhNUWsckbPvix0G6Mf6M9vT0AW6NeBGV1%2B%2FaCfriFV3jZEoDaDGEOQ6Dzb%2FZIAcKSXKCvNNoCaG5Q19TYxKXtX3Gu7TpmrNd98gOpEFVnAF%2BePUOYc8wdWpbrpn4m38I37d%2B99xGWtr9xRz2gSAJAlPzQRL0I49JF0qtW4lbZNZyTNDCVwCF729%2FH87IiFNFTAJk5zdYOk66shNF45PY39WqQvijS03zMFBzKp%2BnZUmWgP6w%3D%3D","environmentVariables":{"FIREBASE_CONFIG":"{\"projectId\":\"planavsky-com\",\"databaseURL\":\"https://planavsky-com.firebaseio.com\",\"storageBucket\":\"planavsky-com.appspot.com\",\"locationId\":\"us-east1\"}","GCLOUD_PROJECT":"planavsky-com","EVENTARC_CLOUD_EVENT_SOURCE":"projects/planavsky-com/locations/us-central1/functions/app"},"runtime":"nodejs18","buildId":"6634c7ff-48d3-49c2-a02a-e78f2fd77f71","buildEnvironmentVariables":{"GOOGLE_NODE_RUN_SCRIPTS":""},"buildName":"projects/737615407449/locations/us-central1/builds/6634c7ff-48d3-49c2-a02a-e78f2fd77f71","dockerRegistry":"ARTIFACT_REGISTRY"},"versionId":"490","updateTime":"2023-10-17T17:09:00Z","buildId":"993177aa-b880-40ef-9b8c-57eb8b381302","buildName":"projects/737615407449/locations/us-central1/builds/993177aa-b880-40ef-9b8c-57eb8b381302"}}
[debug] [2023-10-17T17:09:38.167Z] [update-default-us-central1-app] Retrying task index 0
[debug] [2023-10-17T17:09:38.167Z] >>> [apiv2][query] GET https://cloudfunctions.googleapis.com/v1/operations/cGxhbmF2c2t5LWNvbS91cy1jZW50cmFsMS9hcHAvdS1rU0tvOUZRek0 [none]
[debug] [2023-10-17T17:09:39.302Z] <<< [apiv2][status] GET https://cloudfunctions.googleapis.com/v1/operations/cGxhbmF2c2t5LWNvbS91cy1jZW50cmFsMS9hcHAvdS1rU0tvOUZRek0 200
[debug] [2023-10-17T17:09:39.303Z] <<< [apiv2][body] GET https://cloudfunctions.googleapis.com/v1/operations/cGxhbmF2c2t5LWNvbS91cy1jZW50cmFsMS9hcHAvdS1rU0tvOUZRek0 {"name":"operations/cGxhbmF2c2t5LWNvbS91cy1jZW50cmFsMS9hcHAvdS1rU0tvOUZRek0","metadata":{"@type":"type.googleapis.com/google.cloud.functions.v1.OperationMetadataV1","target":"projects/planavsky-com/locations/us-central1/functions/app","type":"UPDATE_FUNCTION","request":{"@type":"type.googleapis.com/google.cloud.functions.v1.CloudFunction","name":"projects/planavsky-com/locations/us-central1/functions/app","httpsTrigger":{"url":"https://us-central1-planavsky-com.cloudfunctions.net/app","securityLevel":"SECURE_OPTIONAL"},"status":"ACTIVE","entryPoint":"app","updateTime":"2023-01-28T00:00:14.333Z","versionId":"489","labels":{"deployment-tool":"cli-firebase","firebase-functions-hash":"14c8ba28afca5d591908fb58580d6f947fffd01c"},"sourceUploadUrl":"https://storage.googleapis.com/uploads-143443593293.us-central1.cloudfunctions.appspot.com/253150d6-778e-4be5-85cb-225c3c5601f5.zip?GoogleAccessId=service-737615407449@gcf-admin-robot.iam.gserviceaccount.com&Expires=1697564338&Signature=bldMx2vz%2BXZLijNhMgPhDeEuD2PZz1xUZ47GJferQsn0IeFdPPztncThoxzkqofAZFKjr1UkeHMk%2FUuPXEA1C7dVFX9coC02nXESjnlhNUWsckbPvix0G6Mf6M9vT0AW6NeBGV1%2B%2FaCfriFV3jZEoDaDGEOQ6Dzb%2FZIAcKSXKCvNNoCaG5Q19TYxKXtX3Gu7TpmrNd98gOpEFVnAF%2BePUOYc8wdWpbrpn4m38I37d%2B99xGWtr9xRz2gSAJAlPzQRL0I49JF0qtW4lbZNZyTNDCVwCF729%2FH87IiFNFTAJk5zdYOk66shNF45PY39WqQvijS03zMFBzKp%2BnZUmWgP6w%3D%3D","environmentVariables":{"FIREBASE_CONFIG":"{\"projectId\":\"planavsky-com\",\"databaseURL\":\"https://planavsky-com.firebaseio.com\",\"storageBucket\":\"planavsky-com.appspot.com\",\"locationId\":\"us-east1\"}","GCLOUD_PROJECT":"planavsky-com","EVENTARC_CLOUD_EVENT_SOURCE":"projects/planavsky-com/locations/us-central1/functions/app"},"runtime":"nodejs18","buildId":"6634c7ff-48d3-49c2-a02a-e78f2fd77f71","buildEnvironmentVariables":{"GOOGLE_NODE_RUN_SCRIPTS":""},"buildName":"projects/737615407449/locations/us-central1/builds/6634c7ff-48d3-49c2-a02a-e78f2fd77f71","dockerRegistry":"ARTIFACT_REGISTRY"},"versionId":"490","updateTime":"2023-10-17T17:09:00Z","buildId":"993177aa-b880-40ef-9b8c-57eb8b381302","buildName":"projects/737615407449/locations/us-central1/builds/993177aa-b880-40ef-9b8c-57eb8b381302"}}
[debug] [2023-10-17T17:09:49.303Z] [update-default-us-central1-app] Retrying task index 0
[debug] [2023-10-17T17:09:49.304Z] >>> [apiv2][query] GET https://cloudfunctions.googleapis.com/v1/operations/cGxhbmF2c2t5LWNvbS91cy1jZW50cmFsMS9hcHAvdS1rU0tvOUZRek0 [none]
[debug] [2023-10-17T17:09:49.452Z] <<< [apiv2][status] GET https://cloudfunctions.googleapis.com/v1/operations/cGxhbmF2c2t5LWNvbS91cy1jZW50cmFsMS9hcHAvdS1rU0tvOUZRek0 200
[debug] [2023-10-17T17:09:49.452Z] <<< [apiv2][body] GET https://cloudfunctions.googleapis.com/v1/operations/cGxhbmF2c2t5LWNvbS91cy1jZW50cmFsMS9hcHAvdS1rU0tvOUZRek0 {"name":"operations/cGxhbmF2c2t5LWNvbS91cy1jZW50cmFsMS9hcHAvdS1rU0tvOUZRek0","metadata":{"@type":"type.googleapis.com/google.cloud.functions.v1.OperationMetadataV1","target":"projects/planavsky-com/locations/us-central1/functions/app","type":"UPDATE_FUNCTION","request":{"@type":"type.googleapis.com/google.cloud.functions.v1.CloudFunction","name":"projects/planavsky-com/locations/us-central1/functions/app","httpsTrigger":{"url":"https://us-central1-planavsky-com.cloudfunctions.net/app","securityLevel":"SECURE_OPTIONAL"},"status":"ACTIVE","entryPoint":"app","updateTime":"2023-01-28T00:00:14.333Z","versionId":"489","labels":{"deployment-tool":"cli-firebase","firebase-functions-hash":"14c8ba28afca5d591908fb58580d6f947fffd01c"},"sourceUploadUrl":"https://storage.googleapis.com/uploads-143443593293.us-central1.cloudfunctions.appspot.com/253150d6-778e-4be5-85cb-225c3c5601f5.zip?GoogleAccessId=service-737615407449@gcf-admin-robot.iam.gserviceaccount.com&Expires=1697564338&Signature=bldMx2vz%2BXZLijNhMgPhDeEuD2PZz1xUZ47GJferQsn0IeFdPPztncThoxzkqofAZFKjr1UkeHMk%2FUuPXEA1C7dVFX9coC02nXESjnlhNUWsckbPvix0G6Mf6M9vT0AW6NeBGV1%2B%2FaCfriFV3jZEoDaDGEOQ6Dzb%2FZIAcKSXKCvNNoCaG5Q19TYxKXtX3Gu7TpmrNd98gOpEFVnAF%2BePUOYc8wdWpbrpn4m38I37d%2B99xGWtr9xRz2gSAJAlPzQRL0I49JF0qtW4lbZNZyTNDCVwCF729%2FH87IiFNFTAJk5zdYOk66shNF45PY39WqQvijS03zMFBzKp%2BnZUmWgP6w%3D%3D","environmentVariables":{"FIREBASE_CONFIG":"{\"projectId\":\"planavsky-com\",\"databaseURL\":\"https://planavsky-com.firebaseio.com\",\"storageBucket\":\"planavsky-com.appspot.com\",\"locationId\":\"us-east1\"}","GCLOUD_PROJECT":"planavsky-com","EVENTARC_CLOUD_EVENT_SOURCE":"projects/planavsky-com/locations/us-central1/functions/app"},"runtime":"nodejs18","buildId":"6634c7ff-48d3-49c2-a02a-e78f2fd77f71","buildEnvironmentVariables":{"GOOGLE_NODE_RUN_SCRIPTS":""},"buildName":"projects/737615407449/locations/us-central1/builds/6634c7ff-48d3-49c2-a02a-e78f2fd77f71","dockerRegistry":"ARTIFACT_REGISTRY"},"versionId":"490","updateTime":"2023-10-17T17:09:00Z","buildId":"993177aa-b880-40ef-9b8c-57eb8b381302","buildName":"projects/737615407449/locations/us-central1/builds/993177aa-b880-40ef-9b8c-57eb8b381302"}}
[debug] [2023-10-17T17:09:59.454Z] [update-default-us-central1-app] Retrying task index 0
[debug] [2023-10-17T17:09:59.454Z] >>> [apiv2][query] GET https://cloudfunctions.googleapis.com/v1/operations/cGxhbmF2c2t5LWNvbS91cy1jZW50cmFsMS9hcHAvdS1rU0tvOUZRek0 [none]
[debug] [2023-10-17T17:09:59.698Z] <<< [apiv2][status] GET https://cloudfunctions.googleapis.com/v1/operations/cGxhbmF2c2t5LWNvbS91cy1jZW50cmFsMS9hcHAvdS1rU0tvOUZRek0 200
[debug] [2023-10-17T17:09:59.698Z] <<< [apiv2][body] GET https://cloudfunctions.googleapis.com/v1/operations/cGxhbmF2c2t5LWNvbS91cy1jZW50cmFsMS9hcHAvdS1rU0tvOUZRek0 {"name":"operations/cGxhbmF2c2t5LWNvbS91cy1jZW50cmFsMS9hcHAvdS1rU0tvOUZRek0","metadata":{"@type":"type.googleapis.com/google.cloud.functions.v1.OperationMetadataV1","target":"projects/planavsky-com/locations/us-central1/functions/app","type":"UPDATE_FUNCTION","request":{"@type":"type.googleapis.com/google.cloud.functions.v1.CloudFunction","name":"projects/planavsky-com/locations/us-central1/functions/app","httpsTrigger":{"url":"https://us-central1-planavsky-com.cloudfunctions.net/app","securityLevel":"SECURE_OPTIONAL"},"status":"ACTIVE","entryPoint":"app","updateTime":"2023-01-28T00:00:14.333Z","versionId":"489","labels":{"deployment-tool":"cli-firebase","firebase-functions-hash":"14c8ba28afca5d591908fb58580d6f947fffd01c"},"sourceUploadUrl":"https://storage.googleapis.com/uploads-143443593293.us-central1.cloudfunctions.appspot.com/253150d6-778e-4be5-85cb-225c3c5601f5.zip?GoogleAccessId=service-737615407449@gcf-admin-robot.iam.gserviceaccount.com&Expires=1697564338&Signature=bldMx2vz%2BXZLijNhMgPhDeEuD2PZz1xUZ47GJferQsn0IeFdPPztncThoxzkqofAZFKjr1UkeHMk%2FUuPXEA1C7dVFX9coC02nXESjnlhNUWsckbPvix0G6Mf6M9vT0AW6NeBGV1%2B%2FaCfriFV3jZEoDaDGEOQ6Dzb%2FZIAcKSXKCvNNoCaG5Q19TYxKXtX3Gu7TpmrNd98gOpEFVnAF%2BePUOYc8wdWpbrpn4m38I37d%2B99xGWtr9xRz2gSAJAlPzQRL0I49JF0qtW4lbZNZyTNDCVwCF729%2FH87IiFNFTAJk5zdYOk66shNF45PY39WqQvijS03zMFBzKp%2BnZUmWgP6w%3D%3D","environmentVariables":{"FIREBASE_CONFIG":"{\"projectId\":\"planavsky-com\",\"databaseURL\":\"https://planavsky-com.firebaseio.com\",\"storageBucket\":\"planavsky-com.appspot.com\",\"locationId\":\"us-east1\"}","GCLOUD_PROJECT":"planavsky-com","EVENTARC_CLOUD_EVENT_SOURCE":"projects/planavsky-com/locations/us-central1/functions/app"},"runtime":"nodejs18","buildId":"6634c7ff-48d3-49c2-a02a-e78f2fd77f71","buildEnvironmentVariables":{"GOOGLE_NODE_RUN_SCRIPTS":""},"buildName":"projects/737615407449/locations/us-central1/builds/6634c7ff-48d3-49c2-a02a-e78f2fd77f71","dockerRegistry":"ARTIFACT_REGISTRY"},"versionId":"490","updateTime":"2023-10-17T17:09:00Z","buildId":"993177aa-b880-40ef-9b8c-57eb8b381302","buildName":"projects/737615407449/locations/us-central1/builds/993177aa-b880-40ef-9b8c-57eb8b381302"}}
[debug] [2023-10-17T17:10:09.700Z] [update-default-us-central1-app] Retrying task index 0
[debug] [2023-10-17T17:10:09.700Z] >>> [apiv2][query] GET https://cloudfunctions.googleapis.com/v1/operations/cGxhbmF2c2t5LWNvbS91cy1jZW50cmFsMS9hcHAvdS1rU0tvOUZRek0 [none]
[debug] [2023-10-17T17:10:09.897Z] <<< [apiv2][status] GET https://cloudfunctions.googleapis.com/v1/operations/cGxhbmF2c2t5LWNvbS91cy1jZW50cmFsMS9hcHAvdS1rU0tvOUZRek0 200
[debug] [2023-10-17T17:10:09.898Z] <<< [apiv2][body] GET https://cloudfunctions.googleapis.com/v1/operations/cGxhbmF2c2t5LWNvbS91cy1jZW50cmFsMS9hcHAvdS1rU0tvOUZRek0 {"name":"operations/cGxhbmF2c2t5LWNvbS91cy1jZW50cmFsMS9hcHAvdS1rU0tvOUZRek0","metadata":{"@type":"type.googleapis.com/google.cloud.functions.v1.OperationMetadataV1","target":"projects/planavsky-com/locations/us-central1/functions/app","type":"UPDATE_FUNCTION","request":{"@type":"type.googleapis.com/google.cloud.functions.v1.CloudFunction","name":"projects/planavsky-com/locations/us-central1/functions/app","httpsTrigger":{"url":"https://us-central1-planavsky-com.cloudfunctions.net/app","securityLevel":"SECURE_OPTIONAL"},"status":"ACTIVE","entryPoint":"app","updateTime":"2023-01-28T00:00:14.333Z","versionId":"489","labels":{"deployment-tool":"cli-firebase","firebase-functions-hash":"14c8ba28afca5d591908fb58580d6f947fffd01c"},"sourceUploadUrl":"https://storage.googleapis.com/uploads-143443593293.us-central1.cloudfunctions.appspot.com/253150d6-778e-4be5-85cb-225c3c5601f5.zip?GoogleAccessId=service-737615407449@gcf-admin-robot.iam.gserviceaccount.com&Expires=1697564338&Signature=bldMx2vz%2BXZLijNhMgPhDeEuD2PZz1xUZ47GJferQsn0IeFdPPztncThoxzkqofAZFKjr1UkeHMk%2FUuPXEA1C7dVFX9coC02nXESjnlhNUWsckbPvix0G6Mf6M9vT0AW6NeBGV1%2B%2FaCfriFV3jZEoDaDGEOQ6Dzb%2FZIAcKSXKCvNNoCaG5Q19TYxKXtX3Gu7TpmrNd98gOpEFVnAF%2BePUOYc8wdWpbrpn4m38I37d%2B99xGWtr9xRz2gSAJAlPzQRL0I49JF0qtW4lbZNZyTNDCVwCF729%2FH87IiFNFTAJk5zdYOk66shNF45PY39WqQvijS03zMFBzKp%2BnZUmWgP6w%3D%3D","environmentVariables":{"FIREBASE_CONFIG":"{\"projectId\":\"planavsky-com\",\"databaseURL\":\"https://planavsky-com.firebaseio.com\",\"storageBucket\":\"planavsky-com.appspot.com\",\"locationId\":\"us-east1\"}","GCLOUD_PROJECT":"planavsky-com","EVENTARC_CLOUD_EVENT_SOURCE":"projects/planavsky-com/locations/us-central1/functions/app"},"runtime":"nodejs18","buildId":"6634c7ff-48d3-49c2-a02a-e78f2fd77f71","buildEnvironmentVariables":{"GOOGLE_NODE_RUN_SCRIPTS":""},"buildName":"projects/737615407449/locations/us-central1/builds/6634c7ff-48d3-49c2-a02a-e78f2fd77f71","dockerRegistry":"ARTIFACT_REGISTRY"},"versionId":"490","updateTime":"2023-10-17T17:09:00Z","buildId":"993177aa-b880-40ef-9b8c-57eb8b381302","sourceToken":"d0d42fd7-8479-4966-9038-0754cc79bdae","buildName":"projects/737615407449/locations/us-central1/builds/993177aa-b880-40ef-9b8c-57eb8b381302"}}
[debug] [2023-10-17T17:10:09.898Z] Got source token d0d42fd7-8479-4966-9038-0754cc79bdae for region us-central1
[debug] [2023-10-17T17:10:19.897Z] [update-default-us-central1-app] Retrying task index 0
[debug] [2023-10-17T17:10:19.898Z] >>> [apiv2][query] GET https://cloudfunctions.googleapis.com/v1/operations/cGxhbmF2c2t5LWNvbS91cy1jZW50cmFsMS9hcHAvdS1rU0tvOUZRek0 [none]
[debug] [2023-10-17T17:10:20.133Z] <<< [apiv2][status] GET https://cloudfunctions.googleapis.com/v1/operations/cGxhbmF2c2t5LWNvbS91cy1jZW50cmFsMS9hcHAvdS1rU0tvOUZRek0 200
[debug] [2023-10-17T17:10:20.133Z] <<< [apiv2][body] GET https://cloudfunctions.googleapis.com/v1/operations/cGxhbmF2c2t5LWNvbS91cy1jZW50cmFsMS9hcHAvdS1rU0tvOUZRek0 {"name":"operations/cGxhbmF2c2t5LWNvbS91cy1jZW50cmFsMS9hcHAvdS1rU0tvOUZRek0","metadata":{"@type":"type.googleapis.com/google.cloud.functions.v1.OperationMetadataV1","target":"projects/planavsky-com/locations/us-central1/functions/app","type":"UPDATE_FUNCTION","request":{"@type":"type.googleapis.com/google.cloud.functions.v1.CloudFunction","name":"projects/planavsky-com/locations/us-central1/functions/app","httpsTrigger":{"url":"https://us-central1-planavsky-com.cloudfunctions.net/app","securityLevel":"SECURE_OPTIONAL"},"status":"ACTIVE","entryPoint":"app","updateTime":"2023-01-28T00:00:14.333Z","versionId":"489","labels":{"deployment-tool":"cli-firebase","firebase-functions-hash":"14c8ba28afca5d591908fb58580d6f947fffd01c"},"sourceUploadUrl":"https://storage.googleapis.com/uploads-143443593293.us-central1.cloudfunctions.appspot.com/253150d6-778e-4be5-85cb-225c3c5601f5.zip?GoogleAccessId=service-737615407449@gcf-admin-robot.iam.gserviceaccount.com&Expires=1697564338&Signature=bldMx2vz%2BXZLijNhMgPhDeEuD2PZz1xUZ47GJferQsn0IeFdPPztncThoxzkqofAZFKjr1UkeHMk%2FUuPXEA1C7dVFX9coC02nXESjnlhNUWsckbPvix0G6Mf6M9vT0AW6NeBGV1%2B%2FaCfriFV3jZEoDaDGEOQ6Dzb%2FZIAcKSXKCvNNoCaG5Q19TYxKXtX3Gu7TpmrNd98gOpEFVnAF%2BePUOYc8wdWpbrpn4m38I37d%2B99xGWtr9xRz2gSAJAlPzQRL0I49JF0qtW4lbZNZyTNDCVwCF729%2FH87IiFNFTAJk5zdYOk66shNF45PY39WqQvijS03zMFBzKp%2BnZUmWgP6w%3D%3D","environmentVariables":{"FIREBASE_CONFIG":"{\"projectId\":\"planavsky-com\",\"databaseURL\":\"https://planavsky-com.firebaseio.com\",\"storageBucket\":\"planavsky-com.appspot.com\",\"locationId\":\"us-east1\"}","GCLOUD_PROJECT":"planavsky-com","EVENTARC_CLOUD_EVENT_SOURCE":"projects/planavsky-com/locations/us-central1/functions/app"},"runtime":"nodejs18","buildId":"6634c7ff-48d3-49c2-a02a-e78f2fd77f71","buildEnvironmentVariables":{"GOOGLE_NODE_RUN_SCRIPTS":""},"buildName":"projects/737615407449/locations/us-central1/builds/6634c7ff-48d3-49c2-a02a-e78f2fd77f71","dockerRegistry":"ARTIFACT_REGISTRY"},"versionId":"490","updateTime":"2023-10-17T17:09:00Z","buildId":"993177aa-b880-40ef-9b8c-57eb8b381302","sourceToken":"d0d42fd7-8479-4966-9038-0754cc79bdae","buildName":"projects/737615407449/locations/us-central1/builds/993177aa-b880-40ef-9b8c-57eb8b381302"}}
[debug] [2023-10-17T17:10:20.133Z] Got source token d0d42fd7-8479-4966-9038-0754cc79bdae for region us-central1
[debug] [2023-10-17T17:10:30.135Z] [update-default-us-central1-app] Retrying task index 0
[debug] [2023-10-17T17:10:30.136Z] >>> [apiv2][query] GET https://cloudfunctions.googleapis.com/v1/operations/cGxhbmF2c2t5LWNvbS91cy1jZW50cmFsMS9hcHAvdS1rU0tvOUZRek0 [none]
[debug] [2023-10-17T17:10:30.360Z] <<< [apiv2][status] GET https://cloudfunctions.googleapis.com/v1/operations/cGxhbmF2c2t5LWNvbS91cy1jZW50cmFsMS9hcHAvdS1rU0tvOUZRek0 200
[debug] [2023-10-17T17:10:30.360Z] <<< [apiv2][body] GET https://cloudfunctions.googleapis.com/v1/operations/cGxhbmF2c2t5LWNvbS91cy1jZW50cmFsMS9hcHAvdS1rU0tvOUZRek0 {"name":"operations/cGxhbmF2c2t5LWNvbS91cy1jZW50cmFsMS9hcHAvdS1rU0tvOUZRek0","metadata":{"@type":"type.googleapis.com/google.cloud.functions.v1.OperationMetadataV1","target":"projects/planavsky-com/locations/us-central1/functions/app","type":"UPDATE_FUNCTION","request":{"@type":"type.googleapis.com/google.cloud.functions.v1.CloudFunction","name":"projects/planavsky-com/locations/us-central1/functions/app","httpsTrigger":{"url":"https://us-central1-planavsky-com.cloudfunctions.net/app","securityLevel":"SECURE_OPTIONAL"},"status":"ACTIVE","entryPoint":"app","updateTime":"2023-01-28T00:00:14.333Z","versionId":"489","labels":{"deployment-tool":"cli-firebase","firebase-functions-hash":"14c8ba28afca5d591908fb58580d6f947fffd01c"},"sourceUploadUrl":"https://storage.googleapis.com/uploads-143443593293.us-central1.cloudfunctions.appspot.com/253150d6-778e-4be5-85cb-225c3c5601f5.zip?GoogleAccessId=service-737615407449@gcf-admin-robot.iam.gserviceaccount.com&Expires=1697564338&Signature=bldMx2vz%2BXZLijNhMgPhDeEuD2PZz1xUZ47GJferQsn0IeFdPPztncThoxzkqofAZFKjr1UkeHMk%2FUuPXEA1C7dVFX9coC02nXESjnlhNUWsckbPvix0G6Mf6M9vT0AW6NeBGV1%2B%2FaCfriFV3jZEoDaDGEOQ6Dzb%2FZIAcKSXKCvNNoCaG5Q19TYxKXtX3Gu7TpmrNd98gOpEFVnAF%2BePUOYc8wdWpbrpn4m38I37d%2B99xGWtr9xRz2gSAJAlPzQRL0I49JF0qtW4lbZNZyTNDCVwCF729%2FH87IiFNFTAJk5zdYOk66shNF45PY39WqQvijS03zMFBzKp%2BnZUmWgP6w%3D%3D","environmentVariables":{"FIREBASE_CONFIG":"{\"projectId\":\"planavsky-com\",\"databaseURL\":\"https://planavsky-com.firebaseio.com\",\"storageBucket\":\"planavsky-com.appspot.com\",\"locationId\":\"us-east1\"}","GCLOUD_PROJECT":"planavsky-com","EVENTARC_CLOUD_EVENT_SOURCE":"projects/planavsky-com/locations/us-central1/functions/app"},"runtime":"nodejs18","buildId":"6634c7ff-48d3-49c2-a02a-e78f2fd77f71","buildEnvironmentVariables":{"GOOGLE_NODE_RUN_SCRIPTS":""},"buildName":"projects/737615407449/locations/us-central1/builds/6634c7ff-48d3-49c2-a02a-e78f2fd77f71","dockerRegistry":"ARTIFACT_REGISTRY"},"versionId":"490","updateTime":"2023-10-17T17:10:26Z","buildId":"993177aa-b880-40ef-9b8c-57eb8b381302","sourceToken":"d0d42fd7-8479-4966-9038-0754cc79bdae","buildName":"projects/737615407449/locations/us-central1/builds/993177aa-b880-40ef-9b8c-57eb8b381302"},"done":true,"error":{"code":3,"message":"Function failed on loading user code. This is likely due to a bug in the user code. Error message: Provided module can't be loaded.\nDid you list all required modules in the package.json dependencies?\nDetailed stack trace: Error: Cannot find module 'owasp-password-strength-test'\nRequire stack:\n- /workspace/lib/app/user.js\n- /workspace/lib/index.js\n- /layers/google.nodejs.functions-framework/functions-framework/node_modules/@google-cloud/functions-framework/build/src/loader.js\n- /layers/google.nodejs.functions-framework/functions-framework/node_modules/@google-cloud/functions-framework/build/src/main.js\n    at Module._resolveFilename (node:internal/modules/cjs/loader:1077:15)\n    at Module._load (node:internal/modules/cjs/loader:922:27)\n    at Module.require (node:internal/modules/cjs/loader:1143:19)\n    at require (node:internal/modules/cjs/helpers:119:18)\n    at Object.<anonymous> (/workspace/lib/app/user.js:5:40)\n    at Module._compile (node:internal/modules/cjs/loader:1256:14)\n    at Module._extensions..js (node:internal/modules/cjs/loader:1310:10)\n    at Module.load (node:internal/modules/cjs/loader:1119:32)\n    at Module._load (node:internal/modules/cjs/loader:960:12)\n    at Module.require (node:internal/modules/cjs/loader:1143:19)\nCould not load the function, shutting down.. Please visit https://cloud.google.com/functions/docs/troubleshooting for in-depth troubleshooting documentation."}}
[debug] [2023-10-17T17:10:30.360Z] Got source token d0d42fd7-8479-4966-9038-0754cc79bdae for region us-central1
[error] Function failed on loading user code. This is likely due to a bug in the user code. Error message: Provided module can't be loaded.
Did you list all required modules in the package.json dependencies?
Detailed stack trace: Error: Cannot find module 'owasp-password-strength-test'
Require stack:
- /workspace/lib/app/user.js
- /workspace/lib/index.js
- /layers/google.nodejs.functions-framework/functions-framework/node_modules/@google-cloud/functions-framework/build/src/loader.js
- /layers/google.nodejs.functions-framework/functions-framework/node_modules/@google-cloud/functions-framework/build/src/main.js
    at Module._resolveFilename (node:internal/modules/cjs/loader:1077:15)
    at Module._load (node:internal/modules/cjs/loader:922:27)
    at Module.require (node:internal/modules/cjs/loader:1143:19)
    at require (node:internal/modules/cjs/helpers:119:18)
    at Object.<anonymous> (/workspace/lib/app/user.js:5:40)
    at Module._compile (node:internal/modules/cjs/loader:1256:14)
    at Module._extensions..js (node:internal/modules/cjs/loader:1310:10)
    at Module.load (node:internal/modules/cjs/loader:1119:32)
    at Module._load (node:internal/modules/cjs/loader:960:12)
    at Module.require (node:internal/modules/cjs/loader:1143:19)
Could not load the function, shutting down.. Please visit https://cloud.google.com/functions/docs/troubleshooting for in-depth troubleshooting documentation.
[debug] [2023-10-17T17:10:30.365Z] Total Function Deployment time: 91001
[debug] [2023-10-17T17:10:30.365Z] 1 Functions Deployed
[debug] [2023-10-17T17:10:30.365Z] 1 Functions Errored
[debug] [2023-10-17T17:10:30.365Z] 0 Function Deployments Aborted
[debug] [2023-10-17T17:10:30.365Z] Average Function Deployment time: 91000
[info] 
[info] Functions deploy had errors with the following functions:
	app(us-central1)
[debug] [2023-10-17T17:10:30.440Z] Not printing URL for HTTPS function. Typically this means it didn't match a filter or we failed deployment
[info] i  functions: cleaning up build files... 
[debug] [2023-10-17T17:10:30.442Z] >>> [apiv2][query] DELETE https://artifactregistry.googleapis.com/v1beta2/projects/planavsky-com/locations/us-central1/repositories/gcf-artifacts/packages/app [none]
[debug] [2023-10-17T17:10:30.443Z] >>> [apiv2][query] GET https://us.gcr.io/v2/planavsky-com/gcf/us-central1/tags/list [none]
[debug] [2023-10-17T17:10:30.743Z] <<< [apiv2][status] DELETE https://artifactregistry.googleapis.com/v1beta2/projects/planavsky-com/locations/us-central1/repositories/gcf-artifacts/packages/app 200
[debug] [2023-10-17T17:10:30.744Z] <<< [apiv2][body] DELETE https://artifactregistry.googleapis.com/v1beta2/projects/planavsky-com/locations/us-central1/repositories/gcf-artifacts/packages/app {"name":"projects/planavsky-com/locations/us-central1/operations/892a0bc5-62e7-442f-8cd8-d9a94c866e10","metadata":{"@type":"type.googleapis.com/google.devtools.artifactregistry.v1beta2.OperationMetadata"}}
[debug] [2023-10-17T17:10:30.744Z] >>> [apiv2][query] GET https://artifactregistry.googleapis.com/v1beta2/projects/planavsky-com/locations/us-central1/operations/892a0bc5-62e7-442f-8cd8-d9a94c866e10 [none]
[debug] [2023-10-17T17:10:30.930Z] <<< [apiv2][status] GET https://us.gcr.io/v2/planavsky-com/gcf/us-central1/tags/list 200
[debug] [2023-10-17T17:10:30.930Z] <<< [apiv2][body] GET https://us.gcr.io/v2/planavsky-com/gcf/us-central1/tags/list {"child":[],"manifest":{},"name":"planavsky-com/gcf/us-central1","tags":[]}
[debug] [2023-10-17T17:10:30.930Z] Could not find image for function projects/planavsky-com/locations/us-central1/functions/app
[debug] [2023-10-17T17:10:30.975Z] <<< [apiv2][status] GET https://artifactregistry.googleapis.com/v1beta2/projects/planavsky-com/locations/us-central1/operations/892a0bc5-62e7-442f-8cd8-d9a94c866e10 200
[debug] [2023-10-17T17:10:30.975Z] <<< [apiv2][body] GET https://artifactregistry.googleapis.com/v1beta2/projects/planavsky-com/locations/us-central1/operations/892a0bc5-62e7-442f-8cd8-d9a94c866e10 {"name":"projects/planavsky-com/locations/us-central1/operations/892a0bc5-62e7-442f-8cd8-d9a94c866e10","metadata":{"@type":"type.googleapis.com/google.devtools.artifactregistry.v1beta2.OperationMetadata"},"done":true,"response":{"@type":"type.googleapis.com/google.protobuf.Empty"}}
[debug] [2023-10-17T17:10:30.976Z] Functions deploy failed.
[debug] [2023-10-17T17:10:30.976Z] {
  "endpoint": {
    "id": "app",
    "project": "planavsky-com",
    "region": "us-central1",
    "entryPoint": "app",
    "platform": "gcfv1",
    "runtime": "nodejs18",
    "httpsTrigger": {},
    "ingressSettings": null,
    "availableMemoryMb": null,
    "serviceAccount": null,
    "timeoutSeconds": null,
    "maxInstances": null,
    "minInstances": null,
    "vpc": null,
    "environmentVariables": {
      "FIREBASE_CONFIG": "{\"projectId\":\"planavsky-com\",\"databaseURL\":\"https://planavsky-com.firebaseio.com\",\"storageBucket\":\"planavsky-com.appspot.com\",\"locationId\":\"us-east1\"}",
      "GCLOUD_PROJECT": "planavsky-com",
      "EVENTARC_CLOUD_EVENT_SOURCE": "projects/planavsky-com/locations/us-central1/functions/app"
    },
    "codebase": "default",
    "securityLevel": "SECURE_OPTIONAL",
    "targetedByOnly": false,
    "hash": "14c8ba28afca5d591908fb58580d6f947fffd01c",
    "labels": {
      "deployment-tool": "cli-firebase"
    }
  },
  "op": "update",
  "original": {
    "name": "FirebaseError",
    "children": [],
    "exit": 1,
    "message": "Function failed on loading user code. This is likely due to a bug in the user code. Error message: Provided module can't be loaded.\nDid you list all required modules in the package.json dependencies?\nDetailed stack trace: Error: Cannot find module 'owasp-password-strength-test'\nRequire stack:\n- /workspace/lib/app/user.js\n- /workspace/lib/index.js\n- /layers/google.nodejs.functions-framework/functions-framework/node_modules/@google-cloud/functions-framework/build/src/loader.js\n- /layers/google.nodejs.functions-framework/functions-framework/node_modules/@google-cloud/functions-framework/build/src/main.js\n    at Module._resolveFilename (node:internal/modules/cjs/loader:1077:15)\n    at Module._load (node:internal/modules/cjs/loader:922:27)\n    at Module.require (node:internal/modules/cjs/loader:1143:19)\n    at require (node:internal/modules/cjs/helpers:119:18)\n    at Object.<anonymous> (/workspace/lib/app/user.js:5:40)\n    at Module._compile (node:internal/modules/cjs/loader:1256:14)\n    at Module._extensions..js (node:internal/modules/cjs/loader:1310:10)\n    at Module.load (node:internal/modules/cjs/loader:1119:32)\n    at Module._load (node:internal/modules/cjs/loader:960:12)\n    at Module.require (node:internal/modules/cjs/loader:1143:19)\nCould not load the function, shutting down.. Please visit https://cloud.google.com/functions/docs/troubleshooting for in-depth troubleshooting documentation.",
    "status": 3,
    "code": 3
  }
}
[debug] [2023-10-17T17:10:31.048Z] Error: Failed to update function app in region us-central1
    at /Users/anthonyplanavsky/.nvm/versions/node/v16.20.2/lib/node_modules/firebase-tools/lib/deploy/functions/release/fabricator.js:51:11
    at runMicrotasks (<anonymous>)
    at processTicksAndRejections (node:internal/process/task_queues:96:5)
    at async Fabricator.updateV1Function (/Users/anthonyplanavsky/.nvm/versions/node/v16.20.2/lib/node_modules/firebase-tools/lib/deploy/functions/release/fabricator.js:347:32)
    at async Fabricator.updateEndpoint (/Users/anthonyplanavsky/.nvm/versions/node/v16.20.2/lib/node_modules/firebase-tools/lib/deploy/functions/release/fabricator.js:151:13)
    at async handle (/Users/anthonyplanavsky/.nvm/versions/node/v16.20.2/lib/node_modules/firebase-tools/lib/deploy/functions/release/fabricator.js:88:17)
[error] 
[error] Error: There was an error deploying functions
